L 03/25/2015 - 18:54:02: Log file started (file "logs/L0325011.log") (game "czero") (version "48/1.0.0.3/Stdio/6153")
L 03/25/2015 - 18:54:03: "AllahAkbar<1><STEAM_ID_LAN><>" entered the game
L 03/25/2015 - 18:54:05: "Fukkaroo<5><STEAM_ID_LAN><>" entered the game
L 03/25/2015 - 18:54:06: "MagicalWizard<2><STEAM_ID_LAN><>" entered the game
L 03/25/2015 - 18:54:06: "denes<10><STEAM_ID_LAN><>" entered the game
L 03/25/2015 - 18:54:07: "Player<11><STEAM_ID_LAN><>" entered the game
L 03/25/2015 - 18:54:09: "MagicalWizard<2><STEAM_ID_LAN><>" joined team "TERRORIST"
L 03/25/2015 - 18:54:09: World triggered "Round_Start"
L 03/25/2015 - 18:54:11: "Fukkaroo<5><STEAM_ID_LAN><>" joined team "TERRORIST"
L 03/25/2015 - 18:54:12: "AllahAkbar<1><STEAM_ID_LAN><>" joined team "SPECTATOR"
L 03/25/2015 - 18:54:12: "Fukkaroo<5><STEAM_ID_LAN><TERRORIST>" triggered "Spawned_With_The_Bomb"
L 03/25/2015 - 18:54:12: "denes<10><STEAM_ID_LAN><>" joined team "CT"
L 03/25/2015 - 18:54:13: World triggered "Game_Commencing"
L 03/25/2015 - 18:54:13: World triggered "Game_Commencing" (CT "0") (T "0")
L 03/25/2015 - 18:54:13: World triggered "Round_End"
L 03/25/2015 - 18:54:16: "Fukkaroo<5><STEAM_ID_LAN><TERRORIST>" triggered "Spawned_With_The_Bomb"
L 03/25/2015 - 18:54:22: World triggered "Round_Start"
L 03/25/2015 - 18:54:37: "Player<11><STEAM_ID_LAN><>" joined team "CT"
L 03/25/2015 - 18:54:44: "AllahAkbar<-1><><SPECTATOR>" disconnected
L 03/25/2015 - 18:54:44: "MagicalWizard<-1><><TERRORIST>" disconnected
L 03/25/2015 - 18:54:44: "Fukkaroo<-1><><TERRORIST>" triggered "Dropped_The_Bomb"
L 03/25/2015 - 18:54:44: "Fukkaroo<-1><><TERRORIST>" disconnected
L 03/25/2015 - 18:54:44: "denes<-1><><CT>" disconnected
L 03/25/2015 - 18:54:44: "Player<-1><><CT>" disconnected
L 03/25/2015 - 18:54:44: World triggered "Round_Draw" (CT "0") (T "0")
L 03/25/2015 - 18:54:44: World triggered "Round_End"
L 03/25/2015 - 18:54:44: Server shutdown
L 03/25/2015 - 18:54:44: Log file closed
