L 03/25/2015 - 20:41:48: Log file started (file "logs/L0325027.log") (game "czero") (version "48/1.0.0.3/Stdio/6153")
L 03/25/2015 - 20:41:49: "AllahAkbar<24><STEAM_ID_LAN><>" connected, address "loopback"
L 03/25/2015 - 20:41:50: "Markyew<25><STEAM_ID_LAN><>" connected, address "192.168.1.124:27005"
L 03/25/2015 - 20:41:50: "denes<26><STEAM_ID_LAN><>" connected, address "192.168.1.131:27005"
L 03/25/2015 - 20:41:50: "AllahAkbar<24><STEAM_ID_LAN><>" entered the game
L 03/25/2015 - 20:41:51: "MagicalWizard<27><STEAM_ID_LAN><>" connected, address "192.168.1.190:27005"
L 03/25/2015 - 20:41:53: "denes<26><STEAM_ID_LAN><>" entered the game
L 03/25/2015 - 20:41:53: "MagicalWizard<27><STEAM_ID_LAN><>" entered the game
L 03/25/2015 - 20:41:54: "Markyew<25><STEAM_ID_LAN><>" entered the game
L 03/25/2015 - 20:41:56: "WizardMagic<28><STEAM_ID_LAN><>" connected, address "192.168.1.195:27005"
L 03/25/2015 - 20:41:56: World triggered "Round_Start"
L 03/25/2015 - 20:41:57: "MagicalWizard<27><STEAM_ID_LAN><>" joined team "TERRORIST"
L 03/25/2015 - 20:41:58: "WizardMagic<28><STEAM_ID_LAN><>" entered the game
L 03/25/2015 - 20:42:00: "Markyew<25><STEAM_ID_LAN><>" joined team "TERRORIST"
L 03/25/2015 - 20:42:00: "MagicalWizard<27><STEAM_ID_LAN><TERRORIST>" triggered "Spawned_With_The_Bomb"
L 03/25/2015 - 20:42:01: "AllahAkbar<24><STEAM_ID_LAN><>" joined team "CT"
L 03/25/2015 - 20:42:01: "WizardMagic<28><STEAM_ID_LAN><>" joined team "CT"
L 03/25/2015 - 20:42:02: World triggered "Game_Commencing"
L 03/25/2015 - 20:42:02: World triggered "Game_Commencing" (CT "0") (T "0")
L 03/25/2015 - 20:42:02: World triggered "Round_End"
L 03/25/2015 - 20:42:02: "denes<26><STEAM_ID_LAN><>" joined team "CT"
L 03/25/2015 - 20:42:03: "denes<26><STEAM_ID_LAN><CT>" changed name to "raperaperape"
L 03/25/2015 - 20:42:05: "MagicalWizard<27><STEAM_ID_LAN><TERRORIST>" triggered "Spawned_With_The_Bomb"
L 03/25/2015 - 20:42:11: World triggered "Round_Start"
L 03/25/2015 - 20:42:38: "WizardMagic<28><STEAM_ID_LAN><CT>" changed name to "AnalRape"
L 03/25/2015 - 20:42:41: "Markyew<25><STEAM_ID_LAN><TERRORIST>" killed "AnalRape<28><STEAM_ID_LAN><CT>" with "glock18"
L 03/25/2015 - 20:42:44: "raperaperape<26><STEAM_ID_LAN><CT>" killed "Markyew<25><STEAM_ID_LAN><TERRORIST>" with "usp"
L 03/25/2015 - 20:42:53: "MagicalWizard<27><STEAM_ID_LAN><TERRORIST>" killed "AllahAkbar<24><STEAM_ID_LAN><CT>" with "glock18"
L 03/25/2015 - 20:42:59: "MagicalWizard<27><STEAM_ID_LAN><TERRORIST>" triggered "Planted_The_Bomb"
L 03/25/2015 - 20:43:09: "raperaperape<26><STEAM_ID_LAN><CT>" killed "MagicalWizard<27><STEAM_ID_LAN><TERRORIST>" with "usp"
L 03/25/2015 - 20:43:13: "raperaperape<26><STEAM_ID_LAN><CT>" triggered "Begin_Bomb_Defuse_Without_Kit"
L 03/25/2015 - 20:43:23: "raperaperape<26><STEAM_ID_LAN><CT>" triggered "Defused_The_Bomb"
L 03/25/2015 - 20:43:23: Team "CT" triggered "Bomb_Defused" (CT "1") (T "0")
L 03/25/2015 - 20:43:23: World triggered "Round_End"
L 03/25/2015 - 20:43:28: "Markyew<25><STEAM_ID_LAN><TERRORIST>" triggered "Spawned_With_The_Bomb"
L 03/25/2015 - 20:43:34: World triggered "Round_Start"
L 03/25/2015 - 20:43:59: "AnalRape<28><STEAM_ID_LAN><CT>" killed "MagicalWizard<27><STEAM_ID_LAN><TERRORIST>" with "mp5navy"
L 03/25/2015 - 20:44:02: "Markyew<25><STEAM_ID_LAN><TERRORIST>" killed "AnalRape<28><STEAM_ID_LAN><CT>" with "deagle"
L 03/25/2015 - 20:44:19: "Markyew<25><STEAM_ID_LAN><TERRORIST>" killed "AllahAkbar<24><STEAM_ID_LAN><CT>" with "ak47"
L 03/25/2015 - 20:44:20: "raperaperape<26><STEAM_ID_LAN><CT>" killed "Markyew<25><STEAM_ID_LAN><TERRORIST>" with "m4a1"
L 03/25/2015 - 20:44:20: Team "CT" triggered "CTs_Win" (CT "2") (T "0")
L 03/25/2015 - 20:44:20: World triggered "Round_End"
L 03/25/2015 - 20:44:25: "MagicalWizard<27><STEAM_ID_LAN><TERRORIST>" triggered "Spawned_With_The_Bomb"
L 03/25/2015 - 20:44:31: World triggered "Round_Start"
L 03/25/2015 - 20:45:05: "MagicalWizard<27><STEAM_ID_LAN><TERRORIST>" triggered "Planted_The_Bomb"
L 03/25/2015 - 20:45:08: "AnalRape<28><STEAM_ID_LAN><CT>" killed "MagicalWizard<27><STEAM_ID_LAN><TERRORIST>" with "m4a1"
L 03/25/2015 - 20:45:10: "raperaperape<26><STEAM_ID_LAN><CT>" killed "Markyew<25><STEAM_ID_LAN><TERRORIST>" with "m4a1"
L 03/25/2015 - 20:45:15: "AnalRape<28><STEAM_ID_LAN><CT>" triggered "Begin_Bomb_Defuse_Without_Kit"
L 03/25/2015 - 20:45:25: "AnalRape<28><STEAM_ID_LAN><CT>" triggered "Defused_The_Bomb"
L 03/25/2015 - 20:45:25: Team "CT" triggered "Bomb_Defused" (CT "3") (T "0")
L 03/25/2015 - 20:45:25: World triggered "Round_End"
L 03/25/2015 - 20:45:30: "Markyew<25><STEAM_ID_LAN><TERRORIST>" triggered "Spawned_With_The_Bomb"
L 03/25/2015 - 20:45:31: "AnalRape<28><STEAM_ID_LAN><CT>" changed name to "KnifeRape"
L 03/25/2015 - 20:45:36: World triggered "Round_Start"
L 03/25/2015 - 20:45:52: "Markyew<25><STEAM_ID_LAN><TERRORIST>" killed "AllahAkbar<24><STEAM_ID_LAN><CT>" with "mp5navy"
L 03/25/2015 - 20:45:59: "KnifeRape<28><STEAM_ID_LAN><CT>" killed "Markyew<25><STEAM_ID_LAN><TERRORIST>" with "m4a1"
L 03/25/2015 - 20:45:59: "Markyew<25><STEAM_ID_LAN><TERRORIST>" triggered "Dropped_The_Bomb"
L 03/25/2015 - 20:46:03: "KnifeRape<28><STEAM_ID_LAN><CT>" killed "MagicalWizard<27><STEAM_ID_LAN><TERRORIST>" with "usp"
L 03/25/2015 - 20:46:03: Team "CT" triggered "CTs_Win" (CT "4") (T "0")
L 03/25/2015 - 20:46:03: World triggered "Round_End"
L 03/25/2015 - 20:46:08: "MagicalWizard<27><STEAM_ID_LAN><TERRORIST>" triggered "Spawned_With_The_Bomb"
L 03/25/2015 - 20:46:14: World triggered "Round_Start"
L 03/25/2015 - 20:46:16: "KnifeRape<28><STEAM_ID_LAN><CT>" changed name to "Name"
L 03/25/2015 - 20:46:31: "Name<28><STEAM_ID_LAN><CT>" killed "MagicalWizard<27><STEAM_ID_LAN><TERRORIST>" with "m4a1"
L 03/25/2015 - 20:46:31: "MagicalWizard<27><STEAM_ID_LAN><TERRORIST>" triggered "Dropped_The_Bomb"
L 03/25/2015 - 20:46:41: "Name<28><STEAM_ID_LAN><CT>" killed "Markyew<25><STEAM_ID_LAN><TERRORIST>" with "m4a1"
L 03/25/2015 - 20:46:41: Team "CT" triggered "CTs_Win" (CT "5") (T "0")
L 03/25/2015 - 20:46:41: World triggered "Round_End"
L 03/25/2015 - 20:46:46: "Markyew<25><STEAM_ID_LAN><TERRORIST>" triggered "Spawned_With_The_Bomb"
L 03/25/2015 - 20:46:52: World triggered "Round_Start"
L 03/25/2015 - 20:47:16: "Markyew<25><STEAM_ID_LAN><TERRORIST>" killed "Name<28><STEAM_ID_LAN><CT>" with "ak47"
L 03/25/2015 - 20:47:27: "raperaperape<26><STEAM_ID_LAN><CT>" killed "Markyew<25><STEAM_ID_LAN><TERRORIST>" with "m4a1"
L 03/25/2015 - 20:47:27: "Markyew<25><STEAM_ID_LAN><TERRORIST>" triggered "Dropped_The_Bomb"
L 03/25/2015 - 20:47:34: "MagicalWizard<27><STEAM_ID_LAN><TERRORIST>" killed "raperaperape<26><STEAM_ID_LAN><CT>" with "ak47"
L 03/25/2015 - 20:47:36: "MagicalWizard<27><STEAM_ID_LAN><TERRORIST>" killed "AllahAkbar<24><STEAM_ID_LAN><CT>" with "ak47"
L 03/25/2015 - 20:47:36: Team "TERRORIST" triggered "Terrorists_Win" (CT "5") (T "1")
L 03/25/2015 - 20:47:36: World triggered "Round_End"
L 03/25/2015 - 20:47:41: "MagicalWizard<27><STEAM_ID_LAN><TERRORIST>" triggered "Spawned_With_The_Bomb"
L 03/25/2015 - 20:47:47: World triggered "Round_Start"
L 03/25/2015 - 20:48:07: "AllahAkbar<24><STEAM_ID_LAN><CT>" killed "Markyew<25><STEAM_ID_LAN><TERRORIST>" with "m4a1"
L 03/25/2015 - 20:48:23: "AllahAkbar<24><STEAM_ID_LAN><CT>" killed "MagicalWizard<27><STEAM_ID_LAN><TERRORIST>" with "m4a1"
L 03/25/2015 - 20:48:23: Team "CT" triggered "CTs_Win" (CT "6") (T "1")
L 03/25/2015 - 20:48:23: World triggered "Round_End"
L 03/25/2015 - 20:48:28: "Markyew<25><STEAM_ID_LAN><TERRORIST>" triggered "Spawned_With_The_Bomb"
L 03/25/2015 - 20:48:34: World triggered "Round_Start"
L 03/25/2015 - 20:49:39: "Markyew<25><STEAM_ID_LAN><TERRORIST>" killed "AllahAkbar<24><STEAM_ID_LAN><CT>" with "mp5navy"
L 03/25/2015 - 20:49:43: "MagicalWizard<27><STEAM_ID_LAN><TERRORIST>" killed "raperaperape<26><STEAM_ID_LAN><CT>" with "ak47"
L 03/25/2015 - 20:49:58: "Markyew<25><STEAM_ID_LAN><TERRORIST>" triggered "Planted_The_Bomb"
L 03/25/2015 - 20:50:37: "Name<28><STEAM_ID_LAN><CT>" killed "Markyew<25><STEAM_ID_LAN><TERRORIST>" with "awp"
L 03/25/2015 - 20:50:43: Team "TERRORIST" triggered "Target_Bombed" (CT "6") (T "2")
L 03/25/2015 - 20:50:43: World triggered "Round_End"
L 03/25/2015 - 20:50:48: "MagicalWizard<27><STEAM_ID_LAN><TERRORIST>" triggered "Spawned_With_The_Bomb"
L 03/25/2015 - 20:50:54: World triggered "Round_Start"
L 03/25/2015 - 20:51:24: "raperaperape<26><STEAM_ID_LAN><CT>" killed "MagicalWizard<27><STEAM_ID_LAN><TERRORIST>" with "awp"
L 03/25/2015 - 20:51:24: "MagicalWizard<27><STEAM_ID_LAN><TERRORIST>" triggered "Dropped_The_Bomb"
L 03/25/2015 - 20:51:30: "Markyew<25><STEAM_ID_LAN><TERRORIST>" triggered "Got_The_Bomb"
L 03/25/2015 - 20:51:35: "Markyew<25><STEAM_ID_LAN><TERRORIST>" triggered "Planted_The_Bomb"
L 03/25/2015 - 20:51:43: "Name<28><STEAM_ID_LAN><CT>" killed "Markyew<25><STEAM_ID_LAN><TERRORIST>" with "deagle"
L 03/25/2015 - 20:51:49: "Name<28><STEAM_ID_LAN><CT>" triggered "Begin_Bomb_Defuse_Without_Kit"
L 03/25/2015 - 20:51:59: "Name<28><STEAM_ID_LAN><CT>" triggered "Defused_The_Bomb"
L 03/25/2015 - 20:51:59: Team "CT" triggered "Bomb_Defused" (CT "7") (T "2")
L 03/25/2015 - 20:51:59: World triggered "Round_End"
L 03/25/2015 - 20:52:04: "Markyew<25><STEAM_ID_LAN><TERRORIST>" triggered "Spawned_With_The_Bomb"
L 03/25/2015 - 20:52:10: World triggered "Round_Start"
L 03/25/2015 - 20:52:30: "Name<28><STEAM_ID_LAN><CT>" killed "MagicalWizard<27><STEAM_ID_LAN><TERRORIST>" with "awp"
L 03/25/2015 - 20:52:48: "Markyew<25><STEAM_ID_LAN><TERRORIST>" triggered "Planted_The_Bomb"
L 03/25/2015 - 20:52:56: "Markyew<25><STEAM_ID_LAN><TERRORIST>" killed "Name<28><STEAM_ID_LAN><CT>" with "ak47"
L 03/25/2015 - 20:53:15: "AllahAkbar<24><STEAM_ID_LAN><CT>" killed "Markyew<25><STEAM_ID_LAN><TERRORIST>" with "m4a1"
L 03/25/2015 - 20:53:21: "AllahAkbar<24><STEAM_ID_LAN><CT>" triggered "Begin_Bomb_Defuse_Without_Kit"
L 03/25/2015 - 20:53:23: "raperaperape<26><STEAM_ID_LAN><CT>" triggered "Begin_Bomb_Defuse_With_Kit"
L 03/25/2015 - 20:53:28: "raperaperape<26><STEAM_ID_LAN><CT>" triggered "Defused_The_Bomb"
L 03/25/2015 - 20:53:28: Team "CT" triggered "Bomb_Defused" (CT "8") (T "2")
L 03/25/2015 - 20:53:28: World triggered "Round_End"
L 03/25/2015 - 20:53:33: "MagicalWizard<27><STEAM_ID_LAN><TERRORIST>" triggered "Spawned_With_The_Bomb"
L 03/25/2015 - 20:53:39: World triggered "Round_Start"
L 03/25/2015 - 20:54:08: "MagicalWizard<27><STEAM_ID_LAN><TERRORIST>" triggered "Planted_The_Bomb"
L 03/25/2015 - 20:54:29: "raperaperape<26><STEAM_ID_LAN><CT>" killed "Markyew<25><STEAM_ID_LAN><TERRORIST>" with "awp"
L 03/25/2015 - 20:54:40: "Name<28><STEAM_ID_LAN><CT>" killed "MagicalWizard<27><STEAM_ID_LAN><TERRORIST>" with "m249"
L 03/25/2015 - 20:54:45: "raperaperape<26><STEAM_ID_LAN><CT>" triggered "Begin_Bomb_Defuse_With_Kit"
L 03/25/2015 - 20:54:50: "raperaperape<26><STEAM_ID_LAN><CT>" triggered "Defused_The_Bomb"
L 03/25/2015 - 20:54:50: Team "CT" triggered "Bomb_Defused" (CT "9") (T "2")
L 03/25/2015 - 20:54:50: World triggered "Round_End"
L 03/25/2015 - 20:54:55: "Markyew<25><STEAM_ID_LAN><TERRORIST>" triggered "Spawned_With_The_Bomb"
L 03/25/2015 - 20:55:01: World triggered "Round_Start"
L 03/25/2015 - 20:55:16: "Markyew<25><STEAM_ID_LAN><TERRORIST>" killed "Name<28><STEAM_ID_LAN><CT>" with "mp5navy"
L 03/25/2015 - 20:55:30: "Markyew<25><STEAM_ID_LAN><TERRORIST>" killed "raperaperape<26><STEAM_ID_LAN><CT>" with "mp5navy"
L 03/25/2015 - 20:55:36: "AllahAkbar<24><STEAM_ID_LAN><CT>" killed "Markyew<25><STEAM_ID_LAN><TERRORIST>" with "m4a1"
L 03/25/2015 - 20:55:36: "Markyew<25><STEAM_ID_LAN><TERRORIST>" triggered "Dropped_The_Bomb"
L 03/25/2015 - 20:55:38: "AllahAkbar<24><STEAM_ID_LAN><CT>" killed "MagicalWizard<27><STEAM_ID_LAN><TERRORIST>" with "m4a1"
L 03/25/2015 - 20:55:38: Team "CT" triggered "CTs_Win" (CT "10") (T "2")
L 03/25/2015 - 20:55:38: World triggered "Round_End"
L 03/25/2015 - 20:55:43: "MagicalWizard<27><STEAM_ID_LAN><TERRORIST>" triggered "Spawned_With_The_Bomb"
L 03/25/2015 - 20:55:49: World triggered "Round_Start"
L 03/25/2015 - 20:56:08: "MagicalWizard<27><STEAM_ID_LAN><TERRORIST>" killed "Name<28><STEAM_ID_LAN><CT>" with "ak47"
L 03/25/2015 - 20:56:14: "AllahAkbar<24><STEAM_ID_LAN><CT>" killed "MagicalWizard<27><STEAM_ID_LAN><TERRORIST>" with "m4a1"
L 03/25/2015 - 20:56:14: "MagicalWizard<27><STEAM_ID_LAN><TERRORIST>" triggered "Dropped_The_Bomb"
L 03/25/2015 - 20:56:23: "Markyew<25><STEAM_ID_LAN><TERRORIST>" killed "AllahAkbar<24><STEAM_ID_LAN><CT>" with "ak47"
L 03/25/2015 - 20:56:32: "Markyew<25><STEAM_ID_LAN><TERRORIST>" killed "raperaperape<26><STEAM_ID_LAN><CT>" with "ak47"
L 03/25/2015 - 20:56:32: Team "TERRORIST" triggered "Terrorists_Win" (CT "10") (T "3")
L 03/25/2015 - 20:56:32: World triggered "Round_End"
L 03/25/2015 - 20:56:37: "Markyew<25><STEAM_ID_LAN><TERRORIST>" triggered "Spawned_With_The_Bomb"
L 03/25/2015 - 20:56:43: World triggered "Round_Start"
L 03/25/2015 - 20:57:01: "Name<28><STEAM_ID_LAN><CT>" killed "Markyew<25><STEAM_ID_LAN><TERRORIST>" with "m4a1"
L 03/25/2015 - 20:57:01: "Markyew<25><STEAM_ID_LAN><TERRORIST>" triggered "Dropped_The_Bomb"
L 03/25/2015 - 20:57:02: "Name<28><STEAM_ID_LAN><CT>" killed "MagicalWizard<27><STEAM_ID_LAN><TERRORIST>" with "m4a1"
L 03/25/2015 - 20:57:02: Team "CT" triggered "CTs_Win" (CT "11") (T "3")
L 03/25/2015 - 20:57:02: World triggered "Round_End"
L 03/25/2015 - 20:57:07: "MagicalWizard<27><STEAM_ID_LAN><TERRORIST>" triggered "Spawned_With_The_Bomb"
L 03/25/2015 - 20:57:13: World triggered "Round_Start"
L 03/25/2015 - 20:57:58: "Markyew<25><STEAM_ID_LAN><TERRORIST>" killed "raperaperape<26><STEAM_ID_LAN><CT>" with "ak47"
L 03/25/2015 - 20:57:58: "MagicalWizard<27><STEAM_ID_LAN><TERRORIST>" triggered "Planted_The_Bomb"
L 03/25/2015 - 20:58:09: "Name<28><STEAM_ID_LAN><CT>" killed "Markyew<25><STEAM_ID_LAN><TERRORIST>" with "m4a1"
L 03/25/2015 - 20:58:12: "AllahAkbar<24><STEAM_ID_LAN><CT>" killed "MagicalWizard<27><STEAM_ID_LAN><TERRORIST>" with "m4a1"
L 03/25/2015 - 20:58:15: "Name<28><STEAM_ID_LAN><CT>" triggered "Begin_Bomb_Defuse_Without_Kit"
L 03/25/2015 - 20:58:25: "Name<28><STEAM_ID_LAN><CT>" triggered "Defused_The_Bomb"
L 03/25/2015 - 20:58:25: Team "CT" triggered "Bomb_Defused" (CT "12") (T "3")
L 03/25/2015 - 20:58:25: World triggered "Round_End"
L 03/25/2015 - 20:58:30: "Markyew<25><STEAM_ID_LAN><TERRORIST>" triggered "Spawned_With_The_Bomb"
L 03/25/2015 - 20:58:36: World triggered "Round_Start"
L 03/25/2015 - 20:58:54: "AllahAkbar<24><STEAM_ID_LAN><CT>" killed "Markyew<25><STEAM_ID_LAN><TERRORIST>" with "m4a1"
L 03/25/2015 - 20:58:54: "Markyew<25><STEAM_ID_LAN><TERRORIST>" triggered "Dropped_The_Bomb"
L 03/25/2015 - 20:59:01: "Name<28><STEAM_ID_LAN><CT>" killed "MagicalWizard<27><STEAM_ID_LAN><TERRORIST>" with "m4a1"
L 03/25/2015 - 20:59:01: Team "CT" triggered "CTs_Win" (CT "13") (T "3")
L 03/25/2015 - 20:59:01: World triggered "Round_End"
L 03/25/2015 - 20:59:06: "MagicalWizard<27><STEAM_ID_LAN><TERRORIST>" triggered "Spawned_With_The_Bomb"
L 03/25/2015 - 20:59:12: World triggered "Round_Start"
L 03/25/2015 - 20:59:31: "Markyew<25><STEAM_ID_LAN><TERRORIST>" killed "Name<28><STEAM_ID_LAN><CT>" with "mp5navy"
L 03/25/2015 - 20:59:39: "AllahAkbar<24><STEAM_ID_LAN><CT>" killed "Markyew<25><STEAM_ID_LAN><TERRORIST>" with "m4a1"
L 03/25/2015 - 20:59:58: "AllahAkbar<24><STEAM_ID_LAN><CT>" killed "MagicalWizard<27><STEAM_ID_LAN><TERRORIST>" with "m4a1"
L 03/25/2015 - 20:59:58: Team "CT" triggered "CTs_Win" (CT "14") (T "3")
L 03/25/2015 - 20:59:58: World triggered "Round_End"
L 03/25/2015 - 21:00:03: "Markyew<25><STEAM_ID_LAN><TERRORIST>" triggered "Spawned_With_The_Bomb"
L 03/25/2015 - 21:00:09: World triggered "Round_Start"
L 03/25/2015 - 21:00:42: "Markyew<25><STEAM_ID_LAN><TERRORIST>" killed "AllahAkbar<24><STEAM_ID_LAN><CT>" with "mp5navy"
L 03/25/2015 - 21:00:47: "Name<28><STEAM_ID_LAN><CT>" killed "Markyew<25><STEAM_ID_LAN><TERRORIST>" with "m4a1"
L 03/25/2015 - 21:00:47: "Markyew<25><STEAM_ID_LAN><TERRORIST>" triggered "Dropped_The_Bomb"
L 03/25/2015 - 21:00:49: "MagicalWizard<27><STEAM_ID_LAN><TERRORIST>" killed "Name<28><STEAM_ID_LAN><CT>" with "ak47"
L 03/25/2015 - 21:01:08: "MagicalWizard<27><STEAM_ID_LAN><TERRORIST>" triggered "Got_The_Bomb"
L 03/25/2015 - 21:01:09: "MagicalWizard<27><STEAM_ID_LAN><TERRORIST>" killed "raperaperape<26><STEAM_ID_LAN><CT>" with "ak47"
L 03/25/2015 - 21:01:09: Team "TERRORIST" triggered "Terrorists_Win" (CT "14") (T "4")
L 03/25/2015 - 21:01:09: World triggered "Round_End"
L 03/25/2015 - 21:01:14: "MagicalWizard<27><STEAM_ID_LAN><TERRORIST>" triggered "Spawned_With_The_Bomb"
L 03/25/2015 - 21:01:20: World triggered "Round_Start"
L 03/25/2015 - 21:02:05: Team "CT" scored "14" with "3" players
L 03/25/2015 - 21:02:05: Team "TERRORIST" scored "4" with "2" players
L 03/25/2015 - 21:02:15: Log file closed
