L 03/25/2015 - 17:10:09: Log file started (file "logs/L0325001.log") (game "czero") (version "48/1.0.0.3/Stdio/6153")
L 03/25/2015 - 17:10:09: "AllahAkbar<1><STEAM_ID_LAN><>" connected, address "loopback"
L 03/25/2015 - 17:10:10: "AllahAkbar<1><STEAM_ID_LAN><>" entered the game
L 03/25/2015 - 17:10:15: "AllahAkbar<1><STEAM_ID_LAN><>" joined team "CT"
L 03/25/2015 - 17:10:17: World triggered "Round_Start"
L 03/25/2015 - 17:10:28: "MagicalWizard<2><STEAM_ID_LAN><>" connected, address "192.168.1.190:27005"
L 03/25/2015 - 17:10:38: "MagicalWizard<2><STEAM_ID_LAN><>" entered the game
L 03/25/2015 - 17:10:54: "Player<3><STEAM_ID_LAN><>" connected, address "192.168.1.195:27005"
L 03/25/2015 - 17:10:59: "Player<3><STEAM_ID_LAN><>" entered the game
L 03/25/2015 - 17:11:01: "MagicalWizard<2><STEAM_ID_LAN><>" joined team "TERRORIST"
L 03/25/2015 - 17:11:04: World triggered "Game_Commencing"
L 03/25/2015 - 17:11:04: World triggered "Game_Commencing" (CT "0") (T "0")
L 03/25/2015 - 17:11:04: World triggered "Round_End"
L 03/25/2015 - 17:11:07: "MagicalWizard<2><STEAM_ID_LAN><TERRORIST>" triggered "Spawned_With_The_Bomb"
L 03/25/2015 - 17:11:13: World triggered "Round_Start"
L 03/25/2015 - 17:11:43: "Player<3><STEAM_ID_LAN><>" joined team "TERRORIST"
L 03/25/2015 - 17:12:49: "denes<4><STEAM_ID_LAN><>" connected, address "192.168.1.131:27005"
L 03/25/2015 - 17:12:55: "denes<4><STEAM_ID_LAN><>" entered the game
L 03/25/2015 - 17:12:59: "MagicalWizard<2><STEAM_ID_LAN><TERRORIST>" triggered "Planted_The_Bomb"
L 03/25/2015 - 17:13:05: "denes<4><STEAM_ID_LAN><>" joined team "CT"
L 03/25/2015 - 17:13:44: Team "TERRORIST" triggered "Target_Bombed" (CT "0") (T "1")
L 03/25/2015 - 17:13:44: World triggered "Round_End"
L 03/25/2015 - 17:13:49: "Player<3><STEAM_ID_LAN><TERRORIST>" triggered "Spawned_With_The_Bomb"
L 03/25/2015 - 17:13:49: "Player<3><STEAM_ID_LAN><TERRORIST>" changed name to "Fukkaroo"
L 03/25/2015 - 17:13:55: World triggered "Round_Start"
L 03/25/2015 - 17:14:22: "Fukkaroo<3><STEAM_ID_LAN><TERRORIST>" triggered "Planted_The_Bomb"
L 03/25/2015 - 17:14:36: "AllahAkbar<1><STEAM_ID_LAN><CT>" killed "MagicalWizard<2><STEAM_ID_LAN><TERRORIST>" with "deagle"
L 03/25/2015 - 17:14:42: "AllahAkbar<1><STEAM_ID_LAN><CT>" triggered "Begin_Bomb_Defuse_Without_Kit"
L 03/25/2015 - 17:14:47: "Fukkaroo<3><STEAM_ID_LAN><TERRORIST>" killed "denes<4><STEAM_ID_LAN><CT>" with "deagle"
L 03/25/2015 - 17:14:52: "AllahAkbar<1><STEAM_ID_LAN><CT>" triggered "Defused_The_Bomb"
L 03/25/2015 - 17:14:52: Team "CT" triggered "Bomb_Defused" (CT "1") (T "1")
L 03/25/2015 - 17:14:52: World triggered "Round_End"
L 03/25/2015 - 17:14:53: "Fukkaroo<3><STEAM_ID_LAN><TERRORIST>" killed "AllahAkbar<1><STEAM_ID_LAN><CT>" with "deagle"
L 03/25/2015 - 17:14:57: "MagicalWizard<2><STEAM_ID_LAN><TERRORIST>" triggered "Spawned_With_The_Bomb"
L 03/25/2015 - 17:15:03: World triggered "Round_Start"
L 03/25/2015 - 17:15:30: "MagicalWizard<2><STEAM_ID_LAN><TERRORIST>" triggered "Planted_The_Bomb"
L 03/25/2015 - 17:15:53: "MagicalWizard<2><STEAM_ID_LAN><TERRORIST>" killed "denes<4><STEAM_ID_LAN><CT>" with "ak47"
L 03/25/2015 - 17:16:12: "Fukkaroo<3><STEAM_ID_LAN><TERRORIST>" killed "AllahAkbar<1><STEAM_ID_LAN><CT>" with "deagle"
L 03/25/2015 - 17:16:12: Team "TERRORIST" triggered "Terrorists_Win" (CT "1") (T "2")
L 03/25/2015 - 17:16:12: World triggered "Round_End"
L 03/25/2015 - 17:16:17: "Fukkaroo<3><STEAM_ID_LAN><TERRORIST>" triggered "Spawned_With_The_Bomb"
L 03/25/2015 - 17:16:23: World triggered "Round_Start"
L 03/25/2015 - 17:17:07: "MagicalWizard<2><STEAM_ID_LAN><TERRORIST>" killed "denes<4><STEAM_ID_LAN><CT>" with "ak47"
L 03/25/2015 - 17:17:10: "Fukkaroo<3><STEAM_ID_LAN><TERRORIST>" triggered "Planted_The_Bomb"
L 03/25/2015 - 17:17:30: "AllahAkbar<1><STEAM_ID_LAN><CT>" killed "Fukkaroo<3><STEAM_ID_LAN><TERRORIST>" with "deagle"
L 03/25/2015 - 17:17:35: "MagicalWizard<2><STEAM_ID_LAN><TERRORIST>" killed "AllahAkbar<1><STEAM_ID_LAN><CT>" with "ak47"
L 03/25/2015 - 17:17:35: Team "TERRORIST" triggered "Terrorists_Win" (CT "1") (T "3")
L 03/25/2015 - 17:17:35: World triggered "Round_End"
L 03/25/2015 - 17:17:40: "MagicalWizard<2><STEAM_ID_LAN><TERRORIST>" triggered "Spawned_With_The_Bomb"
L 03/25/2015 - 17:17:46: World triggered "Round_Start"
L 03/25/2015 - 17:18:00: "Fukkaroo<3><STEAM_ID_LAN><TERRORIST>" disconnected
L 03/25/2015 - 17:18:00: "Fukkaroo<5><STEAM_ID_LAN><>" connected, address "192.168.1.195:27005"
L 03/25/2015 - 17:18:03: "Fukkaroo<5><STEAM_ID_LAN><>" entered the game
L 03/25/2015 - 17:18:06: "Fukkaroo<5><STEAM_ID_LAN><>" joined team "TERRORIST"
L 03/25/2015 - 17:18:18: "MagicalWizard<2><STEAM_ID_LAN><TERRORIST>" triggered "Planted_The_Bomb"
L 03/25/2015 - 17:18:40: "denes<4><STEAM_ID_LAN><CT>" triggered "Begin_Bomb_Defuse_Without_Kit"
L 03/25/2015 - 17:18:41: "MagicalWizard<2><STEAM_ID_LAN><TERRORIST>" killed "denes<4><STEAM_ID_LAN><CT>" with "ak47"
L 03/25/2015 - 17:19:02: "AllahAkbar<1><STEAM_ID_LAN><CT>" killed "MagicalWizard<2><STEAM_ID_LAN><TERRORIST>" with "ump45"
L 03/25/2015 - 17:19:03: Team "TERRORIST" triggered "Target_Bombed" (CT "1") (T "4")
L 03/25/2015 - 17:19:03: World triggered "Round_End"
L 03/25/2015 - 17:19:08: "Fukkaroo<5><STEAM_ID_LAN><TERRORIST>" triggered "Spawned_With_The_Bomb"
L 03/25/2015 - 17:19:14: World triggered "Round_Start"
L 03/25/2015 - 17:19:44: "Fukkaroo<5><STEAM_ID_LAN><TERRORIST>" killed "AllahAkbar<1><STEAM_ID_LAN><CT>" with "ak47"
L 03/25/2015 - 17:20:02: "Fukkaroo<5><STEAM_ID_LAN><TERRORIST>" killed "denes<4><STEAM_ID_LAN><CT>" with "ak47"
L 03/25/2015 - 17:20:02: Team "TERRORIST" triggered "Terrorists_Win" (CT "1") (T "5")
L 03/25/2015 - 17:20:02: World triggered "Round_End"
L 03/25/2015 - 17:20:07: "MagicalWizard<2><STEAM_ID_LAN><TERRORIST>" triggered "Spawned_With_The_Bomb"
L 03/25/2015 - 17:20:13: World triggered "Round_Start"
L 03/25/2015 - 17:20:40: "Fukkaroo<5><STEAM_ID_LAN><TERRORIST>" killed "denes<4><STEAM_ID_LAN><CT>" with "ak47"
L 03/25/2015 - 17:20:41: "MagicalWizard<2><STEAM_ID_LAN><TERRORIST>" killed "AllahAkbar<1><STEAM_ID_LAN><CT>" with "m249"
L 03/25/2015 - 17:20:41: Team "TERRORIST" triggered "Terrorists_Win" (CT "1") (T "6")
L 03/25/2015 - 17:20:41: World triggered "Round_End"
L 03/25/2015 - 17:20:46: "Fukkaroo<5><STEAM_ID_LAN><TERRORIST>" triggered "Spawned_With_The_Bomb"
L 03/25/2015 - 17:20:52: World triggered "Round_Start"
L 03/25/2015 - 17:21:19: "Fukkaroo<5><STEAM_ID_LAN><TERRORIST>" triggered "Planted_The_Bomb"
L 03/25/2015 - 17:21:39: "Fukkaroo<5><STEAM_ID_LAN><TERRORIST>" killed "AllahAkbar<1><STEAM_ID_LAN><CT>" with "ak47"
L 03/25/2015 - 17:21:39: "denes<4><STEAM_ID_LAN><CT>" killed "MagicalWizard<2><STEAM_ID_LAN><TERRORIST>" with "aug"
L 03/25/2015 - 17:21:49: "denes<4><STEAM_ID_LAN><CT>" killed "Fukkaroo<5><STEAM_ID_LAN><TERRORIST>" with "aug"
L 03/25/2015 - 17:21:59: "denes<4><STEAM_ID_LAN><CT>" triggered "Begin_Bomb_Defuse_Without_Kit"
L 03/25/2015 - 17:22:04: Team "TERRORIST" triggered "Target_Bombed" (CT "1") (T "7")
L 03/25/2015 - 17:22:04: World triggered "Round_End"
L 03/25/2015 - 17:22:09: "MagicalWizard<2><STEAM_ID_LAN><TERRORIST>" triggered "Spawned_With_The_Bomb"
L 03/25/2015 - 17:22:15: World triggered "Round_Start"
L 03/25/2015 - 17:22:44: "AllahAkbar<1><STEAM_ID_LAN><CT>" killed "MagicalWizard<2><STEAM_ID_LAN><TERRORIST>" with "m4a1"
L 03/25/2015 - 17:22:44: "MagicalWizard<2><STEAM_ID_LAN><TERRORIST>" triggered "Dropped_The_Bomb"
L 03/25/2015 - 17:22:56: "Fukkaroo<5><STEAM_ID_LAN><TERRORIST>" killed "denes<4><STEAM_ID_LAN><CT>" with "ak47"
L 03/25/2015 - 17:22:58: "AllahAkbar<1><STEAM_ID_LAN><CT>" killed "Fukkaroo<5><STEAM_ID_LAN><TERRORIST>" with "m4a1"
L 03/25/2015 - 17:22:58: Team "CT" triggered "CTs_Win" (CT "2") (T "7")
L 03/25/2015 - 17:22:58: World triggered "Round_End"
L 03/25/2015 - 17:23:03: "Fukkaroo<5><STEAM_ID_LAN><TERRORIST>" triggered "Spawned_With_The_Bomb"
L 03/25/2015 - 17:23:09: World triggered "Round_Start"
L 03/25/2015 - 17:23:24: "Player<6><STEAM_ID_LAN><>" connected, address "192.168.1.22:27005"
L 03/25/2015 - 17:23:32: "Player<6><STEAM_ID_LAN><>" entered the game
L 03/25/2015 - 17:23:41: "Fukkaroo<5><STEAM_ID_LAN><TERRORIST>" killed "denes<4><STEAM_ID_LAN><CT>" with "ak47"
L 03/25/2015 - 17:23:42: "Player<6><STEAM_ID_LAN><>" joined team "CT"
L 03/25/2015 - 17:23:50: "Fukkaroo<5><STEAM_ID_LAN><TERRORIST>" triggered "Planted_The_Bomb"
L 03/25/2015 - 17:24:23: "AllahAkbar<1><STEAM_ID_LAN><CT>" triggered "Begin_Bomb_Defuse_Without_Kit"
L 03/25/2015 - 17:24:26: "AllahAkbar<1><STEAM_ID_LAN><CT>" triggered "Begin_Bomb_Defuse_Without_Kit"
L 03/25/2015 - 17:24:27: "Fukkaroo<5><STEAM_ID_LAN><TERRORIST>" killed "AllahAkbar<1><STEAM_ID_LAN><CT>" with "m4a1"
L 03/25/2015 - 17:24:27: Team "TERRORIST" triggered "Terrorists_Win" (CT "2") (T "8")
L 03/25/2015 - 17:24:27: World triggered "Round_End"
L 03/25/2015 - 17:24:32: "MagicalWizard<2><STEAM_ID_LAN><TERRORIST>" triggered "Spawned_With_The_Bomb"
L 03/25/2015 - 17:24:38: World triggered "Round_Start"
L 03/25/2015 - 17:25:09: "Fukkaroo<5><STEAM_ID_LAN><TERRORIST>" killed "Player<6><STEAM_ID_LAN><CT>" with "m4a1"
L 03/25/2015 - 17:25:12: "Fukkaroo<5><STEAM_ID_LAN><TERRORIST>" killed "denes<4><STEAM_ID_LAN><CT>" with "m4a1"
L 03/25/2015 - 17:25:18: "AllahAkbar<1><STEAM_ID_LAN><CT>" killed "MagicalWizard<2><STEAM_ID_LAN><TERRORIST>" with "m4a1"
L 03/25/2015 - 17:25:18: "MagicalWizard<2><STEAM_ID_LAN><TERRORIST>" triggered "Dropped_The_Bomb"
L 03/25/2015 - 17:25:20: "Fukkaroo<5><STEAM_ID_LAN><TERRORIST>" killed "AllahAkbar<1><STEAM_ID_LAN><CT>" with "m4a1"
L 03/25/2015 - 17:25:20: Team "TERRORIST" triggered "Terrorists_Win" (CT "2") (T "9")
L 03/25/2015 - 17:25:20: World triggered "Round_End"
L 03/25/2015 - 17:25:25: "Fukkaroo<5><STEAM_ID_LAN><TERRORIST>" triggered "Spawned_With_The_Bomb"
L 03/25/2015 - 17:25:31: World triggered "Round_Start"
L 03/25/2015 - 17:25:54: "MagicalWizard<2><STEAM_ID_LAN><TERRORIST>" killed "AllahAkbar<1><STEAM_ID_LAN><CT>" with "ak47"
L 03/25/2015 - 17:26:11: "Fukkaroo<5><STEAM_ID_LAN><TERRORIST>" killed "Player<6><STEAM_ID_LAN><CT>" with "m4a1"
L 03/25/2015 - 17:26:15: "Fukkaroo<5><STEAM_ID_LAN><TERRORIST>" killed "denes<4><STEAM_ID_LAN><CT>" with "m4a1"
L 03/25/2015 - 17:26:15: Team "TERRORIST" triggered "Terrorists_Win" (CT "2") (T "10")
L 03/25/2015 - 17:26:15: World triggered "Round_End"
L 03/25/2015 - 17:26:20: "MagicalWizard<2><STEAM_ID_LAN><TERRORIST>" triggered "Spawned_With_The_Bomb"
L 03/25/2015 - 17:26:26: World triggered "Round_Start"
L 03/25/2015 - 17:26:47: "Fukkaroo<5><STEAM_ID_LAN><TERRORIST>" killed "denes<4><STEAM_ID_LAN><CT>" with "m4a1"
L 03/25/2015 - 17:26:49: "Player<6><STEAM_ID_LAN><CT>" killed "Fukkaroo<5><STEAM_ID_LAN><TERRORIST>" with "famas"
L 03/25/2015 - 17:26:57: "MagicalWizard<2><STEAM_ID_LAN><TERRORIST>" killed "Player<6><STEAM_ID_LAN><CT>" with "ak47"
L 03/25/2015 - 17:27:15: "MagicalWizard<2><STEAM_ID_LAN><TERRORIST>" triggered "Planted_The_Bomb"
L 03/25/2015 - 17:27:51: "AllahAkbar<1><STEAM_ID_LAN><CT>" killed "MagicalWizard<2><STEAM_ID_LAN><TERRORIST>" with "famas"
L 03/25/2015 - 17:27:53: "AllahAkbar<1><STEAM_ID_LAN><CT>" triggered "Begin_Bomb_Defuse_Without_Kit"
L 03/25/2015 - 17:28:00: Team "TERRORIST" triggered "Target_Bombed" (CT "2") (T "11")
L 03/25/2015 - 17:28:00: World triggered "Round_End"
L 03/25/2015 - 17:28:05: "Fukkaroo<5><STEAM_ID_LAN><TERRORIST>" triggered "Spawned_With_The_Bomb"
L 03/25/2015 - 17:28:11: World triggered "Round_Start"
L 03/25/2015 - 17:28:34: "denes<4><STEAM_ID_LAN><CT>" killed "MagicalWizard<2><STEAM_ID_LAN><TERRORIST>" with "m4a1"
L 03/25/2015 - 17:28:40: "Fukkaroo<5><STEAM_ID_LAN><TERRORIST>" killed "AllahAkbar<1><STEAM_ID_LAN><CT>" with "ak47"
L 03/25/2015 - 17:28:43: "Fukkaroo<5><STEAM_ID_LAN><TERRORIST>" killed "Player<6><STEAM_ID_LAN><CT>" with "ak47"
L 03/25/2015 - 17:28:52: "denes<4><STEAM_ID_LAN><CT>" killed "Fukkaroo<5><STEAM_ID_LAN><TERRORIST>" with "m4a1"
L 03/25/2015 - 17:28:52: Team "CT" triggered "CTs_Win" (CT "3") (T "11")
L 03/25/2015 - 17:28:52: World triggered "Round_End"
L 03/25/2015 - 17:28:57: "MagicalWizard<2><STEAM_ID_LAN><TERRORIST>" triggered "Spawned_With_The_Bomb"
L 03/25/2015 - 17:29:03: World triggered "Round_Start"
L 03/25/2015 - 17:29:44: "Fukkaroo<5><STEAM_ID_LAN><TERRORIST>" killed "AllahAkbar<1><STEAM_ID_LAN><CT>" with "ak47"
L 03/25/2015 - 17:29:50: "Fukkaroo<5><STEAM_ID_LAN><TERRORIST>" killed "Player<6><STEAM_ID_LAN><CT>" with "ak47"
L 03/25/2015 - 17:30:12: "denes<4><STEAM_ID_LAN><CT>" killed "Fukkaroo<5><STEAM_ID_LAN><TERRORIST>" with "m4a1"
L 03/25/2015 - 17:30:18: "MagicalWizard<2><STEAM_ID_LAN><TERRORIST>" killed "denes<4><STEAM_ID_LAN><CT>" with "sg552"
L 03/25/2015 - 17:30:18: Team "TERRORIST" triggered "Terrorists_Win" (CT "3") (T "12")
L 03/25/2015 - 17:30:18: World triggered "Round_End"
L 03/25/2015 - 17:30:23: "Fukkaroo<5><STEAM_ID_LAN><TERRORIST>" triggered "Spawned_With_The_Bomb"
L 03/25/2015 - 17:30:29: World triggered "Round_Start"
L 03/25/2015 - 17:30:46: "Fukkaroo<5><STEAM_ID_LAN><TERRORIST>" killed "denes<4><STEAM_ID_LAN><CT>" with "ak47"
L 03/25/2015 - 17:31:05: "Fukkaroo<5><STEAM_ID_LAN><TERRORIST>" triggered "Planted_The_Bomb"
L 03/25/2015 - 17:31:08: Team "CT" scored "3" with "3" players
L 03/25/2015 - 17:31:08: Team "TERRORIST" scored "12" with "2" players
L 03/25/2015 - 17:31:18: Log file closed
