L 03/25/2015 - 20:20:51: Log file started (file "logs/L0325023.log") (game "czero") (version "48/1.0.0.3/Stdio/6153")
L 03/25/2015 - 20:20:52: "AllahAkbar<19><STEAM_ID_LAN><>" entered the game
L 03/25/2015 - 20:20:54: "MagicalWizard<22><STEAM_ID_LAN><>" entered the game
L 03/25/2015 - 20:20:55: "SexualHarrasmentPanda<23><STEAM_ID_LAN><>" entered the game
L 03/25/2015 - 20:20:55: "denes<20><STEAM_ID_LAN><>" entered the game
L 03/25/2015 - 20:20:55: "Markyew<21><STEAM_ID_LAN><>" entered the game
L 03/25/2015 - 20:20:57: "AllahAkbar<19><STEAM_ID_LAN><>" joined team "CT"
L 03/25/2015 - 20:20:58: "MagicalWizard<22><STEAM_ID_LAN><>" joined team "TERRORIST"
L 03/25/2015 - 20:20:58: "Markyew<21><STEAM_ID_LAN><>" joined team "CT"
L 03/25/2015 - 20:20:59: World triggered "Round_Start"
L 03/25/2015 - 20:21:00: "denes<20><STEAM_ID_LAN><>" joined team "TERRORIST"
L 03/25/2015 - 20:21:01: World triggered "Game_Commencing"
L 03/25/2015 - 20:21:01: World triggered "Game_Commencing" (CT "0") (T "0")
L 03/25/2015 - 20:21:01: World triggered "Round_End"
L 03/25/2015 - 20:21:04: "denes<20><STEAM_ID_LAN><TERRORIST>" triggered "Spawned_With_The_Bomb"
L 03/25/2015 - 20:21:04: "SexualHarrasmentPanda<23><STEAM_ID_LAN><>" joined team "TERRORIST"
L 03/25/2015 - 20:21:10: World triggered "Round_Start"
L 03/25/2015 - 20:21:41: "MagicalWizard<22><STEAM_ID_LAN><TERRORIST>" committed suicide with "world"
L 03/25/2015 - 20:21:41: "MagicalWizard<22><STEAM_ID_LAN><TERRORIST>" joined team "CT"
L 03/25/2015 - 20:21:58: "denes<20><STEAM_ID_LAN><TERRORIST>" triggered "Planted_The_Bomb"
L 03/25/2015 - 20:22:27: "denes<20><STEAM_ID_LAN><TERRORIST>" killed "AllahAkbar<19><STEAM_ID_LAN><CT>" with "glock18"
L 03/25/2015 - 20:22:27: "Markyew<21><STEAM_ID_LAN><CT>" killed "SexualHarrasmentPanda<23><STEAM_ID_LAN><TERRORIST>" with "usp"
L 03/25/2015 - 20:22:40: "Markyew<21><STEAM_ID_LAN><CT>" killed "denes<20><STEAM_ID_LAN><TERRORIST>" with "usp"
L 03/25/2015 - 20:22:43: Team "TERRORIST" triggered "Target_Bombed" (CT "0") (T "1")
L 03/25/2015 - 20:22:43: World triggered "Round_End"
L 03/25/2015 - 20:22:48: "SexualHarrasmentPanda<23><STEAM_ID_LAN><TERRORIST>" triggered "Spawned_With_The_Bomb"
L 03/25/2015 - 20:22:54: World triggered "Round_Start"
L 03/25/2015 - 20:23:13: "Markyew<21><STEAM_ID_LAN><CT>" killed "SexualHarrasmentPanda<23><STEAM_ID_LAN><TERRORIST>" with "deagle"
L 03/25/2015 - 20:23:13: "SexualHarrasmentPanda<23><STEAM_ID_LAN><TERRORIST>" triggered "Dropped_The_Bomb"
L 03/25/2015 - 20:23:15: "denes<20><STEAM_ID_LAN><TERRORIST>" triggered "Got_The_Bomb"
L 03/25/2015 - 20:23:25: "denes<20><STEAM_ID_LAN><TERRORIST>" killed "AllahAkbar<19><STEAM_ID_LAN><CT>" with "ak47"
L 03/25/2015 - 20:23:28: "denes<20><STEAM_ID_LAN><TERRORIST>" killed "MagicalWizard<22><STEAM_ID_LAN><CT>" with "ak47"
L 03/25/2015 - 20:24:02: "denes<20><STEAM_ID_LAN><TERRORIST>" killed "Markyew<21><STEAM_ID_LAN><CT>" with "ak47"
L 03/25/2015 - 20:24:02: Team "TERRORIST" triggered "Terrorists_Win" (CT "0") (T "2")
L 03/25/2015 - 20:24:02: World triggered "Round_End"
L 03/25/2015 - 20:24:07: "denes<20><STEAM_ID_LAN><TERRORIST>" triggered "Spawned_With_The_Bomb"
L 03/25/2015 - 20:24:13: World triggered "Round_Start"
L 03/25/2015 - 20:24:46: "denes<20><STEAM_ID_LAN><TERRORIST>" triggered "Planted_The_Bomb"
L 03/25/2015 - 20:25:01: "denes<20><STEAM_ID_LAN><TERRORIST>" killed "Markyew<21><STEAM_ID_LAN><CT>" with "ak47"
L 03/25/2015 - 20:25:05: "SexualHarrasmentPanda<23><STEAM_ID_LAN><TERRORIST>" killed "MagicalWizard<22><STEAM_ID_LAN><CT>" with "ak47"
L 03/25/2015 - 20:25:10: "SexualHarrasmentPanda<23><STEAM_ID_LAN><TERRORIST>" killed "AllahAkbar<19><STEAM_ID_LAN><CT>" with "ak47"
L 03/25/2015 - 20:25:10: Team "TERRORIST" triggered "Terrorists_Win" (CT "0") (T "3")
L 03/25/2015 - 20:25:10: World triggered "Round_End"
L 03/25/2015 - 20:25:15: "SexualHarrasmentPanda<23><STEAM_ID_LAN><TERRORIST>" triggered "Spawned_With_The_Bomb"
L 03/25/2015 - 20:25:21: World triggered "Round_Start"
L 03/25/2015 - 20:25:46: "SexualHarrasmentPanda<23><STEAM_ID_LAN><TERRORIST>" triggered "Planted_The_Bomb"
L 03/25/2015 - 20:25:54: "SexualHarrasmentPanda<23><STEAM_ID_LAN><TERRORIST>" killed "MagicalWizard<22><STEAM_ID_LAN><CT>" with "ak47"
L 03/25/2015 - 20:26:06: "AllahAkbar<19><STEAM_ID_LAN><CT>" killed "SexualHarrasmentPanda<23><STEAM_ID_LAN><TERRORIST>" with "deagle"
L 03/25/2015 - 20:26:10: "AllahAkbar<19><STEAM_ID_LAN><CT>" killed "denes<20><STEAM_ID_LAN><TERRORIST>" with "deagle"
L 03/25/2015 - 20:26:16: "Markyew<21><STEAM_ID_LAN><CT>" triggered "Begin_Bomb_Defuse_Without_Kit"
L 03/25/2015 - 20:26:26: "Markyew<21><STEAM_ID_LAN><CT>" triggered "Defused_The_Bomb"
L 03/25/2015 - 20:26:26: Team "CT" triggered "Bomb_Defused" (CT "1") (T "3")
L 03/25/2015 - 20:26:26: World triggered "Round_End"
L 03/25/2015 - 20:26:31: "denes<20><STEAM_ID_LAN><TERRORIST>" triggered "Spawned_With_The_Bomb"
L 03/25/2015 - 20:26:37: World triggered "Round_Start"
L 03/25/2015 - 20:27:07: "denes<20><STEAM_ID_LAN><TERRORIST>" killed "AllahAkbar<19><STEAM_ID_LAN><CT>" with "awp"
L 03/25/2015 - 20:27:20: "denes<20><STEAM_ID_LAN><TERRORIST>" triggered "Planted_The_Bomb"
L 03/25/2015 - 20:27:22: "Markyew<21><STEAM_ID_LAN><CT>" killed "denes<20><STEAM_ID_LAN><TERRORIST>" with "m4a1"
L 03/25/2015 - 20:27:31: "SexualHarrasmentPanda<23><STEAM_ID_LAN><TERRORIST>" killed "MagicalWizard<22><STEAM_ID_LAN><CT>" with "ak47"
L 03/25/2015 - 20:27:34: "SexualHarrasmentPanda<23><STEAM_ID_LAN><TERRORIST>" killed "Markyew<21><STEAM_ID_LAN><CT>" with "ak47"
L 03/25/2015 - 20:27:34: Team "TERRORIST" triggered "Terrorists_Win" (CT "1") (T "4")
L 03/25/2015 - 20:27:34: World triggered "Round_End"
L 03/25/2015 - 20:27:39: "SexualHarrasmentPanda<23><STEAM_ID_LAN><TERRORIST>" triggered "Spawned_With_The_Bomb"
L 03/25/2015 - 20:27:45: World triggered "Round_Start"
L 03/25/2015 - 20:27:59: "denes<20><STEAM_ID_LAN><TERRORIST>" say_team "wait"
L 03/25/2015 - 20:28:08: "denes<20><STEAM_ID_LAN><TERRORIST>" say_team "go middle"
L 03/25/2015 - 20:28:23: "denes<20><STEAM_ID_LAN><TERRORIST>" killed "Markyew<21><STEAM_ID_LAN><CT>" with "awp"
L 03/25/2015 - 20:28:55: "SexualHarrasmentPanda<23><STEAM_ID_LAN><TERRORIST>" triggered "Planted_The_Bomb"
L 03/25/2015 - 20:29:25: "MagicalWizard<22><STEAM_ID_LAN><CT>" triggered "Begin_Bomb_Defuse_Without_Kit"
L 03/25/2015 - 20:29:30: "SexualHarrasmentPanda<23><STEAM_ID_LAN><TERRORIST>" killed "MagicalWizard<22><STEAM_ID_LAN><CT>" with "m4a1"
L 03/25/2015 - 20:29:33: "SexualHarrasmentPanda<23><STEAM_ID_LAN><TERRORIST>" killed "AllahAkbar<19><STEAM_ID_LAN><CT>" with "m4a1"
L 03/25/2015 - 20:29:33: Team "TERRORIST" triggered "Terrorists_Win" (CT "1") (T "5")
L 03/25/2015 - 20:29:33: World triggered "Round_End"
L 03/25/2015 - 20:29:38: "denes<20><STEAM_ID_LAN><TERRORIST>" triggered "Spawned_With_The_Bomb"
L 03/25/2015 - 20:29:44: World triggered "Round_Start"
L 03/25/2015 - 20:30:42: "Markyew<21><STEAM_ID_LAN><CT>" killed "SexualHarrasmentPanda<23><STEAM_ID_LAN><TERRORIST>" with "mp5navy"
L 03/25/2015 - 20:30:49: "Markyew<21><STEAM_ID_LAN><CT>" killed "denes<20><STEAM_ID_LAN><TERRORIST>" with "usp"
L 03/25/2015 - 20:30:49: Team "CT" triggered "CTs_Win" (CT "2") (T "5")
L 03/25/2015 - 20:30:49: World triggered "Round_End"
L 03/25/2015 - 20:30:54: "SexualHarrasmentPanda<23><STEAM_ID_LAN><TERRORIST>" triggered "Spawned_With_The_Bomb"
L 03/25/2015 - 20:31:00: World triggered "Round_Start"
L 03/25/2015 - 20:31:10: "SexualHarrasmentPanda<23><STEAM_ID_LAN><TERRORIST>" killed "Markyew<21><STEAM_ID_LAN><CT>" with "ak47"
L 03/25/2015 - 20:31:15: "SexualHarrasmentPanda<23><STEAM_ID_LAN><TERRORIST>" killed "AllahAkbar<19><STEAM_ID_LAN><CT>" with "ak47"
L 03/25/2015 - 20:31:30: "denes<20><STEAM_ID_LAN><TERRORIST>" killed "MagicalWizard<22><STEAM_ID_LAN><CT>" with "ak47"
L 03/25/2015 - 20:31:30: Team "TERRORIST" triggered "Terrorists_Win" (CT "2") (T "6")
L 03/25/2015 - 20:31:30: World triggered "Round_End"
L 03/25/2015 - 20:31:35: "denes<20><STEAM_ID_LAN><TERRORIST>" triggered "Spawned_With_The_Bomb"
L 03/25/2015 - 20:31:41: World triggered "Round_Start"
L 03/25/2015 - 20:32:19: "Markyew<21><STEAM_ID_LAN><CT>" killed "SexualHarrasmentPanda<23><STEAM_ID_LAN><TERRORIST>" with "m4a1"
L 03/25/2015 - 20:32:20: "denes<20><STEAM_ID_LAN><TERRORIST>" triggered "Planted_The_Bomb"
L 03/25/2015 - 20:32:28: "Markyew<21><STEAM_ID_LAN><CT>" killed "denes<20><STEAM_ID_LAN><TERRORIST>" with "m4a1"
L 03/25/2015 - 20:32:33: "Markyew<21><STEAM_ID_LAN><CT>" triggered "Begin_Bomb_Defuse_Without_Kit"
L 03/25/2015 - 20:32:43: "Markyew<21><STEAM_ID_LAN><CT>" triggered "Defused_The_Bomb"
L 03/25/2015 - 20:32:43: Team "CT" triggered "Bomb_Defused" (CT "3") (T "6")
L 03/25/2015 - 20:32:43: World triggered "Round_End"
L 03/25/2015 - 20:32:48: "SexualHarrasmentPanda<23><STEAM_ID_LAN><TERRORIST>" triggered "Spawned_With_The_Bomb"
L 03/25/2015 - 20:32:54: World triggered "Round_Start"
L 03/25/2015 - 20:33:25: "SexualHarrasmentPanda<23><STEAM_ID_LAN><TERRORIST>" killed "AllahAkbar<19><STEAM_ID_LAN><CT>" with "ak47"
L 03/25/2015 - 20:33:29: "MagicalWizard<22><STEAM_ID_LAN><CT>" killed "denes<20><STEAM_ID_LAN><TERRORIST>" with "m4a1"
L 03/25/2015 - 20:33:29: "SexualHarrasmentPanda<23><STEAM_ID_LAN><TERRORIST>" killed "Markyew<21><STEAM_ID_LAN><CT>" with "ak47"
L 03/25/2015 - 20:33:33: "MagicalWizard<22><STEAM_ID_LAN><CT>" killed "SexualHarrasmentPanda<23><STEAM_ID_LAN><TERRORIST>" with "m4a1"
L 03/25/2015 - 20:33:33: Team "CT" triggered "CTs_Win" (CT "4") (T "6")
L 03/25/2015 - 20:33:33: World triggered "Round_End"
L 03/25/2015 - 20:33:38: "denes<20><STEAM_ID_LAN><TERRORIST>" triggered "Spawned_With_The_Bomb"
L 03/25/2015 - 20:33:44: World triggered "Round_Start"
L 03/25/2015 - 20:33:49: "SexualHarrasmentPanda<23><STEAM_ID_LAN><TERRORIST>" changed name to "WizardMagic"
L 03/25/2015 - 20:34:30: "denes<20><STEAM_ID_LAN><TERRORIST>" triggered "Planted_The_Bomb"
L 03/25/2015 - 20:34:32: "AllahAkbar<19><STEAM_ID_LAN><CT>" killed "denes<20><STEAM_ID_LAN><TERRORIST>" with "m4a1"
L 03/25/2015 - 20:34:54: "AllahAkbar<19><STEAM_ID_LAN><CT>" triggered "Begin_Bomb_Defuse_Without_Kit"
L 03/25/2015 - 20:34:58: "WizardMagic<23><STEAM_ID_LAN><TERRORIST>" killed "MagicalWizard<22><STEAM_ID_LAN><CT>" with "glock18"
L 03/25/2015 - 20:35:04: "AllahAkbar<19><STEAM_ID_LAN><CT>" triggered "Defused_The_Bomb"
L 03/25/2015 - 20:35:04: Team "CT" triggered "Bomb_Defused" (CT "5") (T "6")
L 03/25/2015 - 20:35:04: World triggered "Round_End"
L 03/25/2015 - 20:35:09: "WizardMagic<23><STEAM_ID_LAN><TERRORIST>" triggered "Spawned_With_The_Bomb"
L 03/25/2015 - 20:35:15: World triggered "Round_Start"
L 03/25/2015 - 20:35:26: "denes<20><STEAM_ID_LAN><TERRORIST>" say_team "take it slowliy"
L 03/25/2015 - 20:35:37: "WizardMagic<23><STEAM_ID_LAN><TERRORIST>" killed "Markyew<21><STEAM_ID_LAN><CT>" with "ak47"
L 03/25/2015 - 20:35:54: "WizardMagic<23><STEAM_ID_LAN><TERRORIST>" killed "MagicalWizard<22><STEAM_ID_LAN><CT>" with "ak47"
L 03/25/2015 - 20:36:03: "WizardMagic<23><STEAM_ID_LAN><TERRORIST>" killed "AllahAkbar<19><STEAM_ID_LAN><CT>" with "ak47"
L 03/25/2015 - 20:36:03: Team "TERRORIST" triggered "Terrorists_Win" (CT "5") (T "7")
L 03/25/2015 - 20:36:03: World triggered "Round_End"
L 03/25/2015 - 20:36:08: "denes<20><STEAM_ID_LAN><TERRORIST>" triggered "Spawned_With_The_Bomb"
L 03/25/2015 - 20:36:14: World triggered "Round_Start"
L 03/25/2015 - 20:36:29: "WizardMagic<23><STEAM_ID_LAN><TERRORIST>" killed "AllahAkbar<19><STEAM_ID_LAN><CT>" with "m4a1"
L 03/25/2015 - 20:36:31: "WizardMagic<23><STEAM_ID_LAN><TERRORIST>" killed "Markyew<21><STEAM_ID_LAN><CT>" with "m4a1"
L 03/25/2015 - 20:36:32: "WizardMagic<23><STEAM_ID_LAN><TERRORIST>" killed "MagicalWizard<22><STEAM_ID_LAN><CT>" with "m4a1"
L 03/25/2015 - 20:36:32: Team "TERRORIST" triggered "Terrorists_Win" (CT "5") (T "8")
L 03/25/2015 - 20:36:32: World triggered "Round_End"
L 03/25/2015 - 20:36:37: "WizardMagic<23><STEAM_ID_LAN><TERRORIST>" triggered "Spawned_With_The_Bomb"
L 03/25/2015 - 20:36:43: World triggered "Round_Start"
L 03/25/2015 - 20:36:56: "denes<20><STEAM_ID_LAN><TERRORIST>" killed "MagicalWizard<22><STEAM_ID_LAN><CT>" with "ak47"
L 03/25/2015 - 20:37:11: "WizardMagic<23><STEAM_ID_LAN><TERRORIST>" killed "Markyew<21><STEAM_ID_LAN><CT>" with "m4a1"
L 03/25/2015 - 20:37:21: "WizardMagic<23><STEAM_ID_LAN><TERRORIST>" killed "AllahAkbar<19><STEAM_ID_LAN><CT>" with "glock18"
L 03/25/2015 - 20:37:21: Team "TERRORIST" triggered "Terrorists_Win" (CT "5") (T "9")
L 03/25/2015 - 20:37:21: World triggered "Round_End"
L 03/25/2015 - 20:37:26: "denes<20><STEAM_ID_LAN><TERRORIST>" triggered "Spawned_With_The_Bomb"
L 03/25/2015 - 20:37:32: World triggered "Round_Start"
L 03/25/2015 - 20:38:01: "denes<20><STEAM_ID_LAN><TERRORIST>" triggered "Planted_The_Bomb"
L 03/25/2015 - 20:38:27: "Markyew<21><STEAM_ID_LAN><CT>" killed "denes<20><STEAM_ID_LAN><TERRORIST>" with "deagle"
L 03/25/2015 - 20:38:31: "WizardMagic<23><STEAM_ID_LAN><TERRORIST>" killed "Markyew<21><STEAM_ID_LAN><CT>" with "m4a1"
L 03/25/2015 - 20:38:35: "MagicalWizard<22><STEAM_ID_LAN><CT>" killed "WizardMagic<23><STEAM_ID_LAN><TERRORIST>" with "famas"
L 03/25/2015 - 20:38:41: "MagicalWizard<22><STEAM_ID_LAN><CT>" triggered "Begin_Bomb_Defuse_Without_Kit"
L 03/25/2015 - 20:38:47: Team "TERRORIST" triggered "Target_Bombed" (CT "5") (T "10")
L 03/25/2015 - 20:38:47: World triggered "Round_End"
L 03/25/2015 - 20:38:52: "WizardMagic<23><STEAM_ID_LAN><TERRORIST>" triggered "Spawned_With_The_Bomb"
L 03/25/2015 - 20:38:58: World triggered "Round_Start"
L 03/25/2015 - 20:39:30: "WizardMagic<23><STEAM_ID_LAN><TERRORIST>" triggered "Planted_The_Bomb"
L 03/25/2015 - 20:39:42: "denes<20><STEAM_ID_LAN><TERRORIST>" killed "MagicalWizard<22><STEAM_ID_LAN><CT>" with "awp"
L 03/25/2015 - 20:39:56: "Markyew<21><STEAM_ID_LAN><CT>" killed "WizardMagic<23><STEAM_ID_LAN><TERRORIST>" with "mp5navy"
L 03/25/2015 - 20:40:02: "AllahAkbar<19><STEAM_ID_LAN><CT>" killed "denes<20><STEAM_ID_LAN><TERRORIST>" with "m4a1"
L 03/25/2015 - 20:40:05: "Markyew<21><STEAM_ID_LAN><CT>" triggered "Begin_Bomb_Defuse_Without_Kit"
L 03/25/2015 - 20:40:15: Team "TERRORIST" triggered "Target_Bombed" (CT "5") (T "11")
L 03/25/2015 - 20:40:15: World triggered "Round_End"
L 03/25/2015 - 20:40:20: "denes<20><STEAM_ID_LAN><TERRORIST>" triggered "Spawned_With_The_Bomb"
L 03/25/2015 - 20:40:26: World triggered "Round_Start"
L 03/25/2015 - 20:41:00: "denes<20><STEAM_ID_LAN><TERRORIST>" triggered "Planted_The_Bomb"
L 03/25/2015 - 20:41:02: "WizardMagic<23><STEAM_ID_LAN><TERRORIST>" killed "MagicalWizard<22><STEAM_ID_LAN><CT>" with "ak47"
L 03/25/2015 - 20:41:04: Team "CT" scored "5" with "3" players
L 03/25/2015 - 20:41:04: Team "TERRORIST" scored "11" with "2" players
L 03/25/2015 - 20:41:14: Log file closed
