L 03/25/2015 - 19:15:09: Log file started (file "logs/L0325015.log") (game "czero") (version "48/1.0.0.3/Stdio/6153")
L 03/25/2015 - 19:15:10: "AllahAkbar<12><STEAM_ID_LAN><>" entered the game
L 03/25/2015 - 19:15:12: "Fukkaroo<16><STEAM_ID_LAN><>" entered the game
L 03/25/2015 - 19:15:12: "MagicalWizard<14><STEAM_ID_LAN><>" entered the game
L 03/25/2015 - 19:15:12: "denes<13><STEAM_ID_LAN><>" entered the game
L 03/25/2015 - 19:15:13: "Markyew<18><STEAM_ID_LAN><>" entered the game
L 03/25/2015 - 19:15:14: "Player<15><STEAM_ID_LAN><>" entered the game
L 03/25/2015 - 19:15:16: "Markyew<18><STEAM_ID_LAN><>" joined team "CT"
L 03/25/2015 - 19:15:16: World triggered "Round_Start"
L 03/25/2015 - 19:17:56: "Fukkaroo<16><STEAM_ID_LAN><>" joined team "CT"
L 03/25/2015 - 19:17:56: "MagicalWizard<14><STEAM_ID_LAN><>" joined team "CT"
L 03/25/2015 - 19:17:57: "denes<13><STEAM_ID_LAN><>" joined team "CT"
L 03/25/2015 - 19:18:01: "AllahAkbar<12><STEAM_ID_LAN><>" joined team "TERRORIST"
L 03/25/2015 - 19:18:03: World triggered "Game_Commencing"
L 03/25/2015 - 19:18:03: World triggered "Game_Commencing" (CT "0") (T "0")
L 03/25/2015 - 19:18:03: World triggered "Round_End"
L 03/25/2015 - 19:18:06: "AllahAkbar<12><STEAM_ID_LAN><TERRORIST>" triggered "Spawned_With_The_Bomb"
L 03/25/2015 - 19:18:12: World triggered "Round_Start"
L 03/25/2015 - 19:18:30: "Markyew<18><STEAM_ID_LAN><CT>" committed suicide with "world"
L 03/25/2015 - 19:18:30: "Markyew<18><STEAM_ID_LAN><CT>" joined team "TERRORIST"
L 03/25/2015 - 19:18:32: "Player<15><STEAM_ID_LAN><>" joined team "TERRORIST"
L 03/25/2015 - 19:18:46: "MagicalWizard<14><STEAM_ID_LAN><CT>" killed "AllahAkbar<12><STEAM_ID_LAN><TERRORIST>" with "usp"
L 03/25/2015 - 19:18:46: Team "CT" triggered "CTs_Win" (CT "1") (T "0")
L 03/25/2015 - 19:18:46: World triggered "Round_End"
L 03/25/2015 - 19:18:51: "Player<15><STEAM_ID_LAN><TERRORIST>" triggered "Spawned_With_The_Bomb"
L 03/25/2015 - 19:18:57: World triggered "Round_Start"
L 03/25/2015 - 19:19:48: "MagicalWizard<14><STEAM_ID_LAN><CT>" killed "Markyew<18><STEAM_ID_LAN><TERRORIST>" with "m4a1"
L 03/25/2015 - 19:19:49: "Fukkaroo<16><STEAM_ID_LAN><CT>" killed "Player<15><STEAM_ID_LAN><TERRORIST>" with "mp5navy"
L 03/25/2015 - 19:19:49: "Player<15><STEAM_ID_LAN><TERRORIST>" triggered "Dropped_The_Bomb"
L 03/25/2015 - 19:19:54: "Fukkaroo<16><STEAM_ID_LAN><CT>" killed "AllahAkbar<12><STEAM_ID_LAN><TERRORIST>" with "mp5navy"
L 03/25/2015 - 19:19:54: Team "CT" triggered "CTs_Win" (CT "2") (T "0")
L 03/25/2015 - 19:19:54: World triggered "Round_End"
L 03/25/2015 - 19:19:59: "Markyew<18><STEAM_ID_LAN><TERRORIST>" triggered "Spawned_With_The_Bomb"
L 03/25/2015 - 19:20:05: World triggered "Round_Start"
L 03/25/2015 - 19:20:26: "MagicalWizard<14><STEAM_ID_LAN><CT>" killed "Player<15><STEAM_ID_LAN><TERRORIST>" with "m4a1"
L 03/25/2015 - 19:20:30: "AllahAkbar<12><STEAM_ID_LAN><TERRORIST>" killed "Fukkaroo<16><STEAM_ID_LAN><CT>" with "deagle"
L 03/25/2015 - 19:20:30: "MagicalWizard<14><STEAM_ID_LAN><CT>" killed "Markyew<18><STEAM_ID_LAN><TERRORIST>" with "m4a1"
L 03/25/2015 - 19:20:30: "Markyew<18><STEAM_ID_LAN><TERRORIST>" triggered "Dropped_The_Bomb"
L 03/25/2015 - 19:20:34: "MagicalWizard<14><STEAM_ID_LAN><CT>" killed "AllahAkbar<12><STEAM_ID_LAN><TERRORIST>" with "m4a1"
L 03/25/2015 - 19:20:34: Team "CT" triggered "CTs_Win" (CT "3") (T "0")
L 03/25/2015 - 19:20:34: World triggered "Round_End"
L 03/25/2015 - 19:20:39: "AllahAkbar<12><STEAM_ID_LAN><TERRORIST>" triggered "Spawned_With_The_Bomb"
L 03/25/2015 - 19:20:45: World triggered "Round_Start"
L 03/25/2015 - 19:21:11: "Fukkaroo<16><STEAM_ID_LAN><CT>" killed "Player<15><STEAM_ID_LAN><TERRORIST>" with "m4a1"
L 03/25/2015 - 19:21:15: "Fukkaroo<16><STEAM_ID_LAN><CT>" killed "AllahAkbar<12><STEAM_ID_LAN><TERRORIST>" with "usp"
L 03/25/2015 - 19:21:15: "AllahAkbar<12><STEAM_ID_LAN><TERRORIST>" triggered "Dropped_The_Bomb"
L 03/25/2015 - 19:21:41: "Markyew<18><STEAM_ID_LAN><TERRORIST>" killed "denes<13><STEAM_ID_LAN><CT>" with "mp5navy"
L 03/25/2015 - 19:22:11: "Markyew<18><STEAM_ID_LAN><TERRORIST>" killed "MagicalWizard<14><STEAM_ID_LAN><CT>" with "m4a1"
L 03/25/2015 - 19:22:23: "Fukkaroo<16><STEAM_ID_LAN><CT>" killed "Markyew<18><STEAM_ID_LAN><TERRORIST>" with "m4a1"
L 03/25/2015 - 19:22:23: Team "CT" triggered "CTs_Win" (CT "4") (T "0")
L 03/25/2015 - 19:22:23: World triggered "Round_End"
L 03/25/2015 - 19:22:28: "Player<15><STEAM_ID_LAN><TERRORIST>" triggered "Spawned_With_The_Bomb"
L 03/25/2015 - 19:22:34: World triggered "Round_Start"
L 03/25/2015 - 19:22:51: "Markyew<18><STEAM_ID_LAN><TERRORIST>" killed "Fukkaroo<16><STEAM_ID_LAN><CT>" with "ak47"
L 03/25/2015 - 19:22:55: "AllahAkbar<12><STEAM_ID_LAN><TERRORIST>" killed "MagicalWizard<14><STEAM_ID_LAN><CT>" with "deagle"
L 03/25/2015 - 19:23:26: "denes<13><STEAM_ID_LAN><CT>" changed name to "diejews"
L 03/25/2015 - 19:23:50: "diejews<13><STEAM_ID_LAN><CT>" killed "Player<15><STEAM_ID_LAN><TERRORIST>" with "awp"
L 03/25/2015 - 19:23:50: "Player<15><STEAM_ID_LAN><TERRORIST>" triggered "Dropped_The_Bomb"
L 03/25/2015 - 19:23:56: "Markyew<18><STEAM_ID_LAN><TERRORIST>" triggered "Got_The_Bomb"
L 03/25/2015 - 19:24:00: "Markyew<18><STEAM_ID_LAN><TERRORIST>" triggered "Planted_The_Bomb"
L 03/25/2015 - 19:24:03: "AllahAkbar<12><STEAM_ID_LAN><TERRORIST>" killed "diejews<13><STEAM_ID_LAN><CT>" with "ak47"
L 03/25/2015 - 19:24:03: Team "TERRORIST" triggered "Terrorists_Win" (CT "4") (T "1")
L 03/25/2015 - 19:24:03: World triggered "Round_End"
L 03/25/2015 - 19:24:08: "Markyew<18><STEAM_ID_LAN><TERRORIST>" triggered "Spawned_With_The_Bomb"
L 03/25/2015 - 19:24:14: World triggered "Round_Start"
L 03/25/2015 - 19:24:36: "Fukkaroo<16><STEAM_ID_LAN><CT>" killed "Player<15><STEAM_ID_LAN><TERRORIST>" with "m4a1"
L 03/25/2015 - 19:24:40: "AllahAkbar<12><STEAM_ID_LAN><TERRORIST>" killed "MagicalWizard<14><STEAM_ID_LAN><CT>" with "ak47"
L 03/25/2015 - 19:24:55: "AllahAkbar<12><STEAM_ID_LAN><TERRORIST>" killed "Fukkaroo<16><STEAM_ID_LAN><CT>" with "deagle"
L 03/25/2015 - 19:24:59: "Markyew<18><STEAM_ID_LAN><TERRORIST>" killed "diejews<13><STEAM_ID_LAN><CT>" with "m4a1"
L 03/25/2015 - 19:24:59: Team "TERRORIST" triggered "Terrorists_Win" (CT "4") (T "2")
L 03/25/2015 - 19:24:59: World triggered "Round_End"
L 03/25/2015 - 19:25:04: "AllahAkbar<12><STEAM_ID_LAN><TERRORIST>" triggered "Spawned_With_The_Bomb"
L 03/25/2015 - 19:25:10: World triggered "Round_Start"
L 03/25/2015 - 19:25:16: "Fukkaroo<16><STEAM_ID_LAN><CT>" changed name to "TheBearJew"
L 03/25/2015 - 19:25:40: "AllahAkbar<12><STEAM_ID_LAN><TERRORIST>" triggered "Planted_The_Bomb"
L 03/25/2015 - 19:25:45: "TheBearJew<16><STEAM_ID_LAN><CT>" killed "AllahAkbar<12><STEAM_ID_LAN><TERRORIST>" with "scout"
L 03/25/2015 - 19:25:50: "Markyew<18><STEAM_ID_LAN><TERRORIST>" killed "diejews<13><STEAM_ID_LAN><CT>" with "m4a1"
L 03/25/2015 - 19:25:52: "TheBearJew<16><STEAM_ID_LAN><CT>" killed "Player<15><STEAM_ID_LAN><TERRORIST>" with "scout"
L 03/25/2015 - 19:26:11: "TheBearJew<16><STEAM_ID_LAN><CT>" triggered "Begin_Bomb_Defuse_Without_Kit"
L 03/25/2015 - 19:26:16: "Markyew<18><STEAM_ID_LAN><TERRORIST>" killed "MagicalWizard<14><STEAM_ID_LAN><CT>" with "m4a1"
L 03/25/2015 - 19:26:21: "Markyew<18><STEAM_ID_LAN><TERRORIST>" killed "TheBearJew<16><STEAM_ID_LAN><CT>" with "glock18"
L 03/25/2015 - 19:26:21: Team "TERRORIST" triggered "Terrorists_Win" (CT "4") (T "3")
L 03/25/2015 - 19:26:21: World triggered "Round_End"
L 03/25/2015 - 19:26:26: "Player<15><STEAM_ID_LAN><TERRORIST>" triggered "Spawned_With_The_Bomb"
L 03/25/2015 - 19:26:32: World triggered "Round_Start"
L 03/25/2015 - 19:27:00: "Markyew<18><STEAM_ID_LAN><TERRORIST>" killed "TheBearJew<16><STEAM_ID_LAN><CT>" with "ak47"
L 03/25/2015 - 19:27:05: "MagicalWizard<14><STEAM_ID_LAN><CT>" killed "Markyew<18><STEAM_ID_LAN><TERRORIST>" with "famas"
L 03/25/2015 - 19:27:06: "AllahAkbar<12><STEAM_ID_LAN><TERRORIST>" killed "MagicalWizard<14><STEAM_ID_LAN><CT>" with "ak47"
L 03/25/2015 - 19:27:13: "Player<15><STEAM_ID_LAN><TERRORIST>" killed "diejews<13><STEAM_ID_LAN><CT>" with "ak47"
L 03/25/2015 - 19:27:13: Team "TERRORIST" triggered "Terrorists_Win" (CT "4") (T "4")
L 03/25/2015 - 19:27:13: World triggered "Round_End"
L 03/25/2015 - 19:27:18: "Markyew<18><STEAM_ID_LAN><TERRORIST>" triggered "Spawned_With_The_Bomb"
L 03/25/2015 - 19:27:24: World triggered "Round_Start"
L 03/25/2015 - 19:27:57: "Markyew<18><STEAM_ID_LAN><TERRORIST>" killed "diejews<13><STEAM_ID_LAN><CT>" with "ak47"
L 03/25/2015 - 19:28:09: "TheBearJew<16><STEAM_ID_LAN><CT>" killed "AllahAkbar<12><STEAM_ID_LAN><TERRORIST>" with "deagle"
L 03/25/2015 - 19:28:13: "Markyew<18><STEAM_ID_LAN><TERRORIST>" triggered "Planted_The_Bomb"
L 03/25/2015 - 19:28:21: "Markyew<18><STEAM_ID_LAN><TERRORIST>" killed "TheBearJew<16><STEAM_ID_LAN><CT>" with "ak47"
L 03/25/2015 - 19:28:36: "Markyew<18><STEAM_ID_LAN><TERRORIST>" killed "MagicalWizard<14><STEAM_ID_LAN><CT>" with "ak47"
L 03/25/2015 - 19:28:36: Team "TERRORIST" triggered "Terrorists_Win" (CT "4") (T "5")
L 03/25/2015 - 19:28:36: World triggered "Round_End"
L 03/25/2015 - 19:28:41: "AllahAkbar<12><STEAM_ID_LAN><TERRORIST>" triggered "Spawned_With_The_Bomb"
L 03/25/2015 - 19:28:41: "diejews<13><STEAM_ID_LAN><CT>" changed name to "yourmamaisajew"
L 03/25/2015 - 19:28:47: World triggered "Round_Start"
L 03/25/2015 - 19:29:22: "Player<15><STEAM_ID_LAN><TERRORIST>" killed "MagicalWizard<14><STEAM_ID_LAN><CT>" with "ak47"
L 03/25/2015 - 19:29:27: "Markyew<18><STEAM_ID_LAN><TERRORIST>" killed "yourmamaisajew<13><STEAM_ID_LAN><CT>" with "ak47"
L 03/25/2015 - 19:29:31: "TheBearJew<16><STEAM_ID_LAN><CT>" killed "AllahAkbar<12><STEAM_ID_LAN><TERRORIST>" with "deagle"
L 03/25/2015 - 19:29:31: "AllahAkbar<12><STEAM_ID_LAN><TERRORIST>" triggered "Dropped_The_Bomb"
L 03/25/2015 - 19:29:32: "Player<15><STEAM_ID_LAN><TERRORIST>" triggered "Got_The_Bomb"
L 03/25/2015 - 19:29:35: "TheBearJew<16><STEAM_ID_LAN><CT>" killed "Player<15><STEAM_ID_LAN><TERRORIST>" with "deagle"
L 03/25/2015 - 19:29:35: "Player<15><STEAM_ID_LAN><TERRORIST>" triggered "Dropped_The_Bomb"
L 03/25/2015 - 19:29:49: "Markyew<18><STEAM_ID_LAN><TERRORIST>" triggered "Got_The_Bomb"
L 03/25/2015 - 19:30:08: "Markyew<18><STEAM_ID_LAN><TERRORIST>" killed "TheBearJew<16><STEAM_ID_LAN><CT>" with "grenade"
L 03/25/2015 - 19:30:08: Team "TERRORIST" triggered "Terrorists_Win" (CT "4") (T "6")
L 03/25/2015 - 19:30:08: World triggered "Round_End"
L 03/25/2015 - 19:30:13: "Player<15><STEAM_ID_LAN><TERRORIST>" triggered "Spawned_With_The_Bomb"
L 03/25/2015 - 19:30:13: "yourmamaisajew<13><STEAM_ID_LAN><CT>" changed name to "name"
L 03/25/2015 - 19:30:19: World triggered "Round_Start"
L 03/25/2015 - 19:31:17: "TheBearJew<16><STEAM_ID_LAN><CT>" killed "AllahAkbar<12><STEAM_ID_LAN><TERRORIST>" with "m4a1"
L 03/25/2015 - 19:31:18: "Markyew<18><STEAM_ID_LAN><TERRORIST>" killed "TheBearJew<16><STEAM_ID_LAN><CT>" with "ak47"
L 03/25/2015 - 19:31:25: "MagicalWizard<14><STEAM_ID_LAN><CT>" killed "Player<15><STEAM_ID_LAN><TERRORIST>" with "m4a1"
L 03/25/2015 - 19:31:25: "Player<15><STEAM_ID_LAN><TERRORIST>" triggered "Dropped_The_Bomb"
L 03/25/2015 - 19:31:29: "MagicalWizard<14><STEAM_ID_LAN><CT>" killed "Markyew<18><STEAM_ID_LAN><TERRORIST>" with "m4a1"
L 03/25/2015 - 19:31:29: Team "CT" triggered "CTs_Win" (CT "5") (T "6")
L 03/25/2015 - 19:31:29: World triggered "Round_End"
L 03/25/2015 - 19:31:34: "Markyew<18><STEAM_ID_LAN><TERRORIST>" triggered "Spawned_With_The_Bomb"
L 03/25/2015 - 19:31:40: World triggered "Round_Start"
L 03/25/2015 - 19:31:59: "Markyew<18><STEAM_ID_LAN><TERRORIST>" killed "TheBearJew<16><STEAM_ID_LAN><CT>" with "ak47"
L 03/25/2015 - 19:32:04: "Markyew<18><STEAM_ID_LAN><TERRORIST>" killed "name<13><STEAM_ID_LAN><CT>" with "ak47"
L 03/25/2015 - 19:32:10: "Markyew<18><STEAM_ID_LAN><TERRORIST>" triggered "Planted_The_Bomb"
L 03/25/2015 - 19:32:35: "AllahAkbar<12><STEAM_ID_LAN><TERRORIST>" killed "MagicalWizard<14><STEAM_ID_LAN><CT>" with "sg552"
L 03/25/2015 - 19:32:35: Team "TERRORIST" triggered "Terrorists_Win" (CT "5") (T "7")
L 03/25/2015 - 19:32:35: World triggered "Round_End"
L 03/25/2015 - 19:32:40: "AllahAkbar<12><STEAM_ID_LAN><TERRORIST>" triggered "Spawned_With_The_Bomb"
L 03/25/2015 - 19:32:46: World triggered "Round_Start"
L 03/25/2015 - 19:33:11: "TheBearJew<16><STEAM_ID_LAN><CT>" killed "Markyew<18><STEAM_ID_LAN><TERRORIST>" with "deagle"
L 03/25/2015 - 19:33:16: "TheBearJew<16><STEAM_ID_LAN><CT>" killed "Player<15><STEAM_ID_LAN><TERRORIST>" with "deagle"
L 03/25/2015 - 19:33:16: "AllahAkbar<12><STEAM_ID_LAN><TERRORIST>" killed "MagicalWizard<14><STEAM_ID_LAN><CT>" with "sg552"
L 03/25/2015 - 19:33:21: "name<13><STEAM_ID_LAN><CT>" killed "AllahAkbar<12><STEAM_ID_LAN><TERRORIST>" with "m4a1"
L 03/25/2015 - 19:33:21: Team "CT" triggered "CTs_Win" (CT "6") (T "7")
L 03/25/2015 - 19:33:21: World triggered "Round_End"
L 03/25/2015 - 19:33:26: "Player<15><STEAM_ID_LAN><TERRORIST>" triggered "Spawned_With_The_Bomb"
L 03/25/2015 - 19:33:32: World triggered "Round_Start"
L 03/25/2015 - 19:33:33: "name<13><STEAM_ID_LAN><CT>" changed name to "denes"
L 03/25/2015 - 19:33:48: "Markyew<18><STEAM_ID_LAN><TERRORIST>" killed "TheBearJew<16><STEAM_ID_LAN><CT>" with "ak47"
L 03/25/2015 - 19:33:51: "Markyew<18><STEAM_ID_LAN><TERRORIST>" killed "MagicalWizard<14><STEAM_ID_LAN><CT>" with "ak47"
L 03/25/2015 - 19:33:53: "Markyew<18><STEAM_ID_LAN><TERRORIST>" killed "denes<13><STEAM_ID_LAN><CT>" with "ak47"
L 03/25/2015 - 19:33:53: Team "TERRORIST" triggered "Terrorists_Win" (CT "6") (T "8")
L 03/25/2015 - 19:33:53: World triggered "Round_End"
L 03/25/2015 - 19:33:58: "Markyew<18><STEAM_ID_LAN><TERRORIST>" triggered "Spawned_With_The_Bomb"
L 03/25/2015 - 19:34:04: World triggered "Round_Start"
L 03/25/2015 - 19:34:13: "TheBearJew<16><STEAM_ID_LAN><CT>" changed name to "SexualHarrasmentPanda"
L 03/25/2015 - 19:34:26: "Markyew<18><STEAM_ID_LAN><TERRORIST>" triggered "Planted_The_Bomb"
L 03/25/2015 - 19:34:35: "denes<13><STEAM_ID_LAN><CT>" killed "Player<15><STEAM_ID_LAN><TERRORIST>" with "awp"
L 03/25/2015 - 19:34:36: "AllahAkbar<12><STEAM_ID_LAN><TERRORIST>" killed "SexualHarrasmentPanda<16><STEAM_ID_LAN><CT>" with "sg552"
L 03/25/2015 - 19:34:44: "denes<13><STEAM_ID_LAN><CT>" killed "AllahAkbar<12><STEAM_ID_LAN><TERRORIST>" with "awp"
L 03/25/2015 - 19:35:11: Team "TERRORIST" triggered "Target_Bombed" (CT "6") (T "9")
L 03/25/2015 - 19:35:11: World triggered "Round_End"
L 03/25/2015 - 19:35:16: "AllahAkbar<12><STEAM_ID_LAN><TERRORIST>" triggered "Spawned_With_The_Bomb"
L 03/25/2015 - 19:35:22: World triggered "Round_Start"
L 03/25/2015 - 19:35:49: "SexualHarrasmentPanda<16><STEAM_ID_LAN><CT>" killed "AllahAkbar<12><STEAM_ID_LAN><TERRORIST>" with "deagle"
L 03/25/2015 - 19:35:49: "AllahAkbar<12><STEAM_ID_LAN><TERRORIST>" triggered "Dropped_The_Bomb"
L 03/25/2015 - 19:35:49: "MagicalWizard<14><STEAM_ID_LAN><CT>" killed "Player<15><STEAM_ID_LAN><TERRORIST>" with "mp5navy"
L 03/25/2015 - 19:36:19: "Markyew<18><STEAM_ID_LAN><TERRORIST>" killed "MagicalWizard<14><STEAM_ID_LAN><CT>" with "m4a1"
L 03/25/2015 - 19:36:21: "Markyew<18><STEAM_ID_LAN><TERRORIST>" killed "SexualHarrasmentPanda<16><STEAM_ID_LAN><CT>" with "m4a1"
L 03/25/2015 - 19:36:33: "Markyew<18><STEAM_ID_LAN><TERRORIST>" triggered "Got_The_Bomb"
L 03/25/2015 - 19:36:36: "Markyew<18><STEAM_ID_LAN><TERRORIST>" killed "denes<13><STEAM_ID_LAN><CT>" with "m4a1"
L 03/25/2015 - 19:36:36: Team "TERRORIST" triggered "Terrorists_Win" (CT "6") (T "10")
L 03/25/2015 - 19:36:36: World triggered "Round_End"
L 03/25/2015 - 19:36:41: "Player<15><STEAM_ID_LAN><TERRORIST>" triggered "Spawned_With_The_Bomb"
L 03/25/2015 - 19:36:47: World triggered "Round_Start"
L 03/25/2015 - 19:37:22: "Markyew<18><STEAM_ID_LAN><TERRORIST>" killed "MagicalWizard<14><STEAM_ID_LAN><CT>" with "m4a1"
L 03/25/2015 - 19:37:37: "Markyew<18><STEAM_ID_LAN><TERRORIST>" killed "denes<13><STEAM_ID_LAN><CT>" with "m4a1"
L 03/25/2015 - 19:37:39: "SexualHarrasmentPanda<16><STEAM_ID_LAN><CT>" killed "Markyew<18><STEAM_ID_LAN><TERRORIST>" with "m4a1"
L 03/25/2015 - 19:37:40: "Player<15><STEAM_ID_LAN><TERRORIST>" triggered "Planted_The_Bomb"
L 03/25/2015 - 19:37:41: "SexualHarrasmentPanda<16><STEAM_ID_LAN><CT>" killed "Player<15><STEAM_ID_LAN><TERRORIST>" with "m4a1"
L 03/25/2015 - 19:37:44: "SexualHarrasmentPanda<16><STEAM_ID_LAN><CT>" killed "AllahAkbar<12><STEAM_ID_LAN><TERRORIST>" with "m4a1"
L 03/25/2015 - 19:37:48: "SexualHarrasmentPanda<16><STEAM_ID_LAN><CT>" triggered "Begin_Bomb_Defuse_Without_Kit"
L 03/25/2015 - 19:37:58: "SexualHarrasmentPanda<16><STEAM_ID_LAN><CT>" triggered "Defused_The_Bomb"
L 03/25/2015 - 19:37:58: Team "CT" triggered "Bomb_Defused" (CT "7") (T "10")
L 03/25/2015 - 19:37:58: World triggered "Round_End"
L 03/25/2015 - 19:38:03: "Markyew<18><STEAM_ID_LAN><TERRORIST>" triggered "Spawned_With_The_Bomb"
L 03/25/2015 - 19:38:06: Team "CT" scored "7" with "3" players
L 03/25/2015 - 19:38:06: Team "TERRORIST" scored "10" with "3" players
L 03/25/2015 - 19:38:16: Log file closed
