L 03/25/2015 - 17:31:19: Log file started (file "logs/L0325003.log") (game "czero") (version "48/1.0.0.3/Stdio/6153")
L 03/25/2015 - 17:31:20: "AllahAkbar<1><STEAM_ID_LAN><>" entered the game
L 03/25/2015 - 17:31:22: "Fukkaroo<5><STEAM_ID_LAN><>" entered the game
L 03/25/2015 - 17:31:23: "denes<4><STEAM_ID_LAN><>" entered the game
L 03/25/2015 - 17:31:23: "MagicalWizard<2><STEAM_ID_LAN><>" entered the game
L 03/25/2015 - 17:31:23: "Player<6><STEAM_ID_LAN><>" entered the game
L 03/25/2015 - 17:31:26: World triggered "Round_Start"
L 03/25/2015 - 17:31:27: "MagicalWizard<2><STEAM_ID_LAN><>" joined team "CT"
L 03/25/2015 - 17:31:29: "Fukkaroo<5><STEAM_ID_LAN><>" joined team "TERRORIST"
L 03/25/2015 - 17:31:29: "AllahAkbar<1><STEAM_ID_LAN><>" joined team "TERRORIST"
L 03/25/2015 - 17:31:30: "Fukkaroo<5><STEAM_ID_LAN><TERRORIST>" triggered "Spawned_With_The_Bomb"
L 03/25/2015 - 17:31:31: World triggered "Game_Commencing"
L 03/25/2015 - 17:31:31: World triggered "Game_Commencing" (CT "0") (T "0")
L 03/25/2015 - 17:31:31: World triggered "Round_End"
L 03/25/2015 - 17:31:32: "Player<6><STEAM_ID_LAN><>" disconnected
L 03/25/2015 - 17:31:32: "Player<7><STEAM_ID_LAN><>" connected, address "192.168.1.22:27005"
L 03/25/2015 - 17:31:34: "Fukkaroo<5><STEAM_ID_LAN><TERRORIST>" triggered "Spawned_With_The_Bomb"
L 03/25/2015 - 17:31:34: "denes<4><STEAM_ID_LAN><>" joined team "CT"
L 03/25/2015 - 17:31:36: "Player<7><STEAM_ID_LAN><>" entered the game
L 03/25/2015 - 17:31:40: World triggered "Round_Start"
L 03/25/2015 - 17:31:50: "Player<7><STEAM_ID_LAN><>" joined team "CT"
L 03/25/2015 - 17:32:07: "Fukkaroo<5><STEAM_ID_LAN><TERRORIST>" triggered "Planted_The_Bomb"
L 03/25/2015 - 17:32:17: "Fukkaroo<5><STEAM_ID_LAN><TERRORIST>" killed "denes<4><STEAM_ID_LAN><CT>" with "deagle"
L 03/25/2015 - 17:32:34: "MagicalWizard<2><STEAM_ID_LAN><CT>" killed "Fukkaroo<5><STEAM_ID_LAN><TERRORIST>" with "usp"
L 03/25/2015 - 17:32:34: "AllahAkbar<1><STEAM_ID_LAN><TERRORIST>" killed "MagicalWizard<2><STEAM_ID_LAN><CT>" with "deagle"
L 03/25/2015 - 17:32:37: "Player<7><STEAM_ID_LAN><CT>" killed "AllahAkbar<1><STEAM_ID_LAN><TERRORIST>" with "usp"
L 03/25/2015 - 17:32:52: Team "TERRORIST" triggered "Target_Bombed" (CT "0") (T "1")
L 03/25/2015 - 17:32:52: World triggered "Round_End"
L 03/25/2015 - 17:32:57: "AllahAkbar<1><STEAM_ID_LAN><TERRORIST>" triggered "Spawned_With_The_Bomb"
L 03/25/2015 - 17:33:03: World triggered "Round_Start"
L 03/25/2015 - 17:33:23: "Fukkaroo<5><STEAM_ID_LAN><TERRORIST>" killed "denes<4><STEAM_ID_LAN><CT>" with "ak47"
L 03/25/2015 - 17:33:25: "Fukkaroo<5><STEAM_ID_LAN><TERRORIST>" killed "MagicalWizard<2><STEAM_ID_LAN><CT>" with "ak47"
L 03/25/2015 - 17:34:20: "Fukkaroo<5><STEAM_ID_LAN><TERRORIST>" killed "Player<7><STEAM_ID_LAN><CT>" with "ak47"
L 03/25/2015 - 17:34:20: Team "TERRORIST" triggered "Terrorists_Win" (CT "0") (T "2")
L 03/25/2015 - 17:34:20: World triggered "Round_End"
L 03/25/2015 - 17:34:25: "Fukkaroo<5><STEAM_ID_LAN><TERRORIST>" triggered "Spawned_With_The_Bomb"
L 03/25/2015 - 17:34:31: World triggered "Round_Start"
L 03/25/2015 - 17:34:51: "AllahAkbar<1><STEAM_ID_LAN><TERRORIST>" killed "Player<7><STEAM_ID_LAN><CT>" with "ump45"
L 03/25/2015 - 17:34:55: "denes<4><STEAM_ID_LAN><CT>" killed "Fukkaroo<5><STEAM_ID_LAN><TERRORIST>" with "mp5navy"
L 03/25/2015 - 17:34:55: "Fukkaroo<5><STEAM_ID_LAN><TERRORIST>" triggered "Dropped_The_Bomb"
L 03/25/2015 - 17:34:58: "AllahAkbar<1><STEAM_ID_LAN><TERRORIST>" killed "denes<4><STEAM_ID_LAN><CT>" with "ump45"
L 03/25/2015 - 17:35:01: "AllahAkbar<1><STEAM_ID_LAN><TERRORIST>" triggered "Got_The_Bomb"
L 03/25/2015 - 17:35:15: "AllahAkbar<1><STEAM_ID_LAN><TERRORIST>" triggered "Planted_The_Bomb"
L 03/25/2015 - 17:35:51: "AllahAkbar<1><STEAM_ID_LAN><TERRORIST>" killed "MagicalWizard<2><STEAM_ID_LAN><CT>" with "ump45"
L 03/25/2015 - 17:35:51: Team "TERRORIST" triggered "Terrorists_Win" (CT "0") (T "3")
L 03/25/2015 - 17:35:51: World triggered "Round_End"
L 03/25/2015 - 17:35:56: "AllahAkbar<1><STEAM_ID_LAN><TERRORIST>" triggered "Spawned_With_The_Bomb"
L 03/25/2015 - 17:36:03: World triggered "Round_Start"
L 03/25/2015 - 17:36:39: "Fukkaroo<5><STEAM_ID_LAN><TERRORIST>" killed "denes<4><STEAM_ID_LAN><CT>" with "ak47"
L 03/25/2015 - 17:36:52: "Fukkaroo<5><STEAM_ID_LAN><TERRORIST>" killed "Player<7><STEAM_ID_LAN><CT>" with "ak47"
L 03/25/2015 - 17:36:54: "MagicalWizard<2><STEAM_ID_LAN><CT>" killed "AllahAkbar<1><STEAM_ID_LAN><TERRORIST>" with "famas"
L 03/25/2015 - 17:36:54: "AllahAkbar<1><STEAM_ID_LAN><TERRORIST>" triggered "Dropped_The_Bomb"
L 03/25/2015 - 17:36:58: "Fukkaroo<5><STEAM_ID_LAN><TERRORIST>" killed "MagicalWizard<2><STEAM_ID_LAN><CT>" with "ak47"
L 03/25/2015 - 17:36:58: Team "TERRORIST" triggered "Terrorists_Win" (CT "0") (T "4")
L 03/25/2015 - 17:36:58: World triggered "Round_End"
L 03/25/2015 - 17:37:01: "Fukkaroo<5><STEAM_ID_LAN><TERRORIST>" triggered "Got_The_Bomb"
L 03/25/2015 - 17:37:03: "Fukkaroo<5><STEAM_ID_LAN><TERRORIST>" triggered "Spawned_With_The_Bomb"
L 03/25/2015 - 17:37:09: World triggered "Round_Start"
L 03/25/2015 - 17:37:35: "Fukkaroo<5><STEAM_ID_LAN><TERRORIST>" killed "Player<7><STEAM_ID_LAN><CT>" with "ak47"
L 03/25/2015 - 17:37:57: "MagicalWizard<2><STEAM_ID_LAN><CT>" killed "AllahAkbar<1><STEAM_ID_LAN><TERRORIST>" with "m4a1"
L 03/25/2015 - 17:38:03: "Fukkaroo<5><STEAM_ID_LAN><TERRORIST>" killed "MagicalWizard<2><STEAM_ID_LAN><CT>" with "ak47"
L 03/25/2015 - 17:38:03: "denes<4><STEAM_ID_LAN><CT>" killed "Fukkaroo<5><STEAM_ID_LAN><TERRORIST>" with "mp5navy"
L 03/25/2015 - 17:38:03: Team "CT" triggered "CTs_Win" (CT "1") (T "4")
L 03/25/2015 - 17:38:03: World triggered "Round_End"
L 03/25/2015 - 17:38:08: "AllahAkbar<1><STEAM_ID_LAN><TERRORIST>" triggered "Spawned_With_The_Bomb"
L 03/25/2015 - 17:38:14: World triggered "Round_Start"
L 03/25/2015 - 17:38:39: "Fukkaroo<5><STEAM_ID_LAN><TERRORIST>" killed "MagicalWizard<2><STEAM_ID_LAN><CT>" with "ak47"
L 03/25/2015 - 17:38:43: "AllahAkbar<1><STEAM_ID_LAN><TERRORIST>" killed "Player<7><STEAM_ID_LAN><CT>" with "ak47"
L 03/25/2015 - 17:38:44: "denes<4><STEAM_ID_LAN><CT>" killed "AllahAkbar<1><STEAM_ID_LAN><TERRORIST>" with "ak47"
L 03/25/2015 - 17:38:44: "AllahAkbar<1><STEAM_ID_LAN><TERRORIST>" triggered "Dropped_The_Bomb"
L 03/25/2015 - 17:38:54: "Fukkaroo<5><STEAM_ID_LAN><TERRORIST>" triggered "Got_The_Bomb"
L 03/25/2015 - 17:39:25: "Fukkaroo<5><STEAM_ID_LAN><TERRORIST>" triggered "Planted_The_Bomb"
L 03/25/2015 - 17:39:42: "Fukkaroo<5><STEAM_ID_LAN><TERRORIST>" killed "denes<4><STEAM_ID_LAN><CT>" with "ak47"
L 03/25/2015 - 17:39:42: Team "TERRORIST" triggered "Terrorists_Win" (CT "1") (T "5")
L 03/25/2015 - 17:39:42: World triggered "Round_End"
L 03/25/2015 - 17:39:47: "Fukkaroo<5><STEAM_ID_LAN><TERRORIST>" triggered "Spawned_With_The_Bomb"
L 03/25/2015 - 17:39:53: World triggered "Round_Start"
L 03/25/2015 - 17:40:22: "AllahAkbar<1><STEAM_ID_LAN><TERRORIST>" killed "Player<7><STEAM_ID_LAN><CT>" with "ak47"
L 03/25/2015 - 17:40:25: "Fukkaroo<5><STEAM_ID_LAN><TERRORIST>" killed "MagicalWizard<2><STEAM_ID_LAN><CT>" with "ak47"
L 03/25/2015 - 17:40:32: "Fukkaroo<5><STEAM_ID_LAN><TERRORIST>" killed "denes<4><STEAM_ID_LAN><CT>" with "ak47"
L 03/25/2015 - 17:40:32: Team "TERRORIST" triggered "Terrorists_Win" (CT "1") (T "6")
L 03/25/2015 - 17:40:32: World triggered "Round_End"
L 03/25/2015 - 17:40:37: "AllahAkbar<1><STEAM_ID_LAN><TERRORIST>" triggered "Spawned_With_The_Bomb"
L 03/25/2015 - 17:40:43: World triggered "Round_Start"
L 03/25/2015 - 17:41:03: "denes<4><STEAM_ID_LAN><CT>" killed "Fukkaroo<5><STEAM_ID_LAN><TERRORIST>" with "deagle"
L 03/25/2015 - 17:41:09: "AllahAkbar<1><STEAM_ID_LAN><TERRORIST>" killed "denes<4><STEAM_ID_LAN><CT>" with "ak47"
L 03/25/2015 - 17:41:26: "AllahAkbar<1><STEAM_ID_LAN><TERRORIST>" triggered "Planted_The_Bomb"
L 03/25/2015 - 17:42:03: "AllahAkbar<1><STEAM_ID_LAN><TERRORIST>" killed "MagicalWizard<2><STEAM_ID_LAN><CT>" with "ak47"
L 03/25/2015 - 17:42:06: "Player<7><STEAM_ID_LAN><CT>" killed "AllahAkbar<1><STEAM_ID_LAN><TERRORIST>" with "mp5navy"
L 03/25/2015 - 17:42:11: Team "TERRORIST" triggered "Terrorists_Win" (CT "1") (T "7")
L 03/25/2015 - 17:42:11: World triggered "Round_End"
L 03/25/2015 - 17:42:16: "Fukkaroo<5><STEAM_ID_LAN><TERRORIST>" triggered "Spawned_With_The_Bomb"
L 03/25/2015 - 17:42:22: World triggered "Round_Start"
L 03/25/2015 - 17:42:44: "Fukkaroo<5><STEAM_ID_LAN><TERRORIST>" killed "MagicalWizard<2><STEAM_ID_LAN><CT>" with "grenade"
L 03/25/2015 - 17:42:44: "Fukkaroo<5><STEAM_ID_LAN><TERRORIST>" killed "Player<7><STEAM_ID_LAN><CT>" with "grenade"
L 03/25/2015 - 17:42:47: "Fukkaroo<5><STEAM_ID_LAN><TERRORIST>" killed "denes<4><STEAM_ID_LAN><CT>" with "mp5navy"
L 03/25/2015 - 17:42:47: Team "TERRORIST" triggered "Terrorists_Win" (CT "1") (T "8")
L 03/25/2015 - 17:42:47: World triggered "Round_End"
L 03/25/2015 - 17:42:52: "AllahAkbar<1><STEAM_ID_LAN><TERRORIST>" triggered "Spawned_With_The_Bomb"
L 03/25/2015 - 17:42:58: World triggered "Round_Start"
L 03/25/2015 - 17:43:28: "AllahAkbar<1><STEAM_ID_LAN><TERRORIST>" triggered "Planted_The_Bomb"
L 03/25/2015 - 17:43:40: "Fukkaroo<5><STEAM_ID_LAN><TERRORIST>" killed "denes<4><STEAM_ID_LAN><CT>" with "mp5navy"
L 03/25/2015 - 17:43:45: "Fukkaroo<5><STEAM_ID_LAN><TERRORIST>" killed "MagicalWizard<2><STEAM_ID_LAN><CT>" with "mp5navy"
L 03/25/2015 - 17:43:49: "Fukkaroo<5><STEAM_ID_LAN><TERRORIST>" killed "Player<7><STEAM_ID_LAN><CT>" with "mp5navy"
L 03/25/2015 - 17:43:49: Team "TERRORIST" triggered "Terrorists_Win" (CT "1") (T "9")
L 03/25/2015 - 17:43:49: World triggered "Round_End"
L 03/25/2015 - 17:43:54: "Fukkaroo<5><STEAM_ID_LAN><TERRORIST>" triggered "Spawned_With_The_Bomb"
L 03/25/2015 - 17:44:00: World triggered "Round_Start"
L 03/25/2015 - 17:44:20: "Fukkaroo<5><STEAM_ID_LAN><TERRORIST>" killed "MagicalWizard<2><STEAM_ID_LAN><CT>" with "mp5navy"
L 03/25/2015 - 17:44:22: "denes<4><STEAM_ID_LAN><CT>" killed "Fukkaroo<5><STEAM_ID_LAN><TERRORIST>" with "famas"
L 03/25/2015 - 17:44:22: "Fukkaroo<5><STEAM_ID_LAN><TERRORIST>" triggered "Dropped_The_Bomb"
L 03/25/2015 - 17:44:34: "Player<7><STEAM_ID_LAN><CT>" killed "AllahAkbar<1><STEAM_ID_LAN><TERRORIST>" with "m4a1"
L 03/25/2015 - 17:44:34: Team "CT" triggered "CTs_Win" (CT "2") (T "9")
L 03/25/2015 - 17:44:34: World triggered "Round_End"
L 03/25/2015 - 17:44:39: "AllahAkbar<1><STEAM_ID_LAN><TERRORIST>" triggered "Spawned_With_The_Bomb"
L 03/25/2015 - 17:44:45: World triggered "Round_Start"
L 03/25/2015 - 17:45:19: "Fukkaroo<5><STEAM_ID_LAN><TERRORIST>" killed "Player<7><STEAM_ID_LAN><CT>" with "ak47"
L 03/25/2015 - 17:45:23: "denes<4><STEAM_ID_LAN><CT>" killed "Fukkaroo<5><STEAM_ID_LAN><TERRORIST>" with "m4a1"
L 03/25/2015 - 17:45:32: "AllahAkbar<1><STEAM_ID_LAN><TERRORIST>" triggered "Planted_The_Bomb"
L 03/25/2015 - 17:45:37: "denes<4><STEAM_ID_LAN><CT>" killed "AllahAkbar<1><STEAM_ID_LAN><TERRORIST>" with "m4a1"
L 03/25/2015 - 17:45:42: "denes<4><STEAM_ID_LAN><CT>" triggered "Begin_Bomb_Defuse_With_Kit"
L 03/25/2015 - 17:45:47: "denes<4><STEAM_ID_LAN><CT>" triggered "Defused_The_Bomb"
L 03/25/2015 - 17:45:47: Team "CT" triggered "Bomb_Defused" (CT "3") (T "9")
L 03/25/2015 - 17:45:47: World triggered "Round_End"
L 03/25/2015 - 17:45:52: "Fukkaroo<5><STEAM_ID_LAN><TERRORIST>" triggered "Spawned_With_The_Bomb"
L 03/25/2015 - 17:45:58: World triggered "Round_Start"
L 03/25/2015 - 17:46:26: "Fukkaroo<5><STEAM_ID_LAN><TERRORIST>" triggered "Planted_The_Bomb"
L 03/25/2015 - 17:46:33: "Fukkaroo<5><STEAM_ID_LAN><TERRORIST>" killed "MagicalWizard<2><STEAM_ID_LAN><CT>" with "ak47"
L 03/25/2015 - 17:46:35: "Player<7><STEAM_ID_LAN><CT>" killed "AllahAkbar<1><STEAM_ID_LAN><TERRORIST>" with "m4a1"
L 03/25/2015 - 17:46:36: "Fukkaroo<5><STEAM_ID_LAN><TERRORIST>" killed "denes<4><STEAM_ID_LAN><CT>" with "ak47"
L 03/25/2015 - 17:46:43: "Player<7><STEAM_ID_LAN><CT>" killed "Fukkaroo<5><STEAM_ID_LAN><TERRORIST>" with "m4a1"
L 03/25/2015 - 17:46:59: "Player<7><STEAM_ID_LAN><CT>" triggered "Begin_Bomb_Defuse_With_Kit"
L 03/25/2015 - 17:47:04: "Player<7><STEAM_ID_LAN><CT>" triggered "Defused_The_Bomb"
L 03/25/2015 - 17:47:04: Team "CT" triggered "Bomb_Defused" (CT "4") (T "9")
L 03/25/2015 - 17:47:04: World triggered "Round_End"
L 03/25/2015 - 17:47:09: "AllahAkbar<1><STEAM_ID_LAN><TERRORIST>" triggered "Spawned_With_The_Bomb"
L 03/25/2015 - 17:47:15: World triggered "Round_Start"
L 03/25/2015 - 17:47:43: "AllahAkbar<1><STEAM_ID_LAN><TERRORIST>" triggered "Planted_The_Bomb"
L 03/25/2015 - 17:47:54: "denes<4><STEAM_ID_LAN><CT>" killed "AllahAkbar<1><STEAM_ID_LAN><TERRORIST>" with "awp"
L 03/25/2015 - 17:47:55: "Fukkaroo<5><STEAM_ID_LAN><TERRORIST>" killed "MagicalWizard<2><STEAM_ID_LAN><CT>" with "ak47"
L 03/25/2015 - 17:48:21: "Player<7><STEAM_ID_LAN><CT>" triggered "Begin_Bomb_Defuse_With_Kit"
L 03/25/2015 - 17:48:22: "Fukkaroo<5><STEAM_ID_LAN><TERRORIST>" killed "Player<7><STEAM_ID_LAN><CT>" with "ak47"
L 03/25/2015 - 17:48:29: Team "TERRORIST" triggered "Target_Bombed" (CT "4") (T "10")
L 03/25/2015 - 17:48:29: World triggered "Round_End"
L 03/25/2015 - 17:48:34: "Fukkaroo<5><STEAM_ID_LAN><TERRORIST>" triggered "Spawned_With_The_Bomb"
L 03/25/2015 - 17:48:40: World triggered "Round_Start"
L 03/25/2015 - 17:48:56: "denes<4><STEAM_ID_LAN><CT>" killed "AllahAkbar<1><STEAM_ID_LAN><TERRORIST>" with "awp"
L 03/25/2015 - 17:49:07: "Fukkaroo<5><STEAM_ID_LAN><TERRORIST>" triggered "Planted_The_Bomb"
L 03/25/2015 - 17:49:18: "Fukkaroo<5><STEAM_ID_LAN><TERRORIST>" killed "MagicalWizard<2><STEAM_ID_LAN><CT>" with "ak47"
L 03/25/2015 - 17:49:21: "Fukkaroo<5><STEAM_ID_LAN><TERRORIST>" killed "denes<4><STEAM_ID_LAN><CT>" with "ak47"
L 03/25/2015 - 17:49:32: "Fukkaroo<5><STEAM_ID_LAN><TERRORIST>" killed "Player<7><STEAM_ID_LAN><CT>" with "ak47"
L 03/25/2015 - 17:49:32: Team "TERRORIST" triggered "Terrorists_Win" (CT "4") (T "11")
L 03/25/2015 - 17:49:32: World triggered "Round_End"
L 03/25/2015 - 17:49:37: "AllahAkbar<1><STEAM_ID_LAN><TERRORIST>" triggered "Spawned_With_The_Bomb"
L 03/25/2015 - 17:49:43: World triggered "Round_Start"
L 03/25/2015 - 17:50:01: "Player<7><STEAM_ID_LAN><CT>" killed "Fukkaroo<5><STEAM_ID_LAN><TERRORIST>" with "m4a1"
L 03/25/2015 - 17:50:02: "AllahAkbar<1><STEAM_ID_LAN><TERRORIST>" killed "Player<7><STEAM_ID_LAN><CT>" with "ak47"
L 03/25/2015 - 17:50:05: "denes<4><STEAM_ID_LAN><CT>" killed "AllahAkbar<1><STEAM_ID_LAN><TERRORIST>" with "m4a1"
L 03/25/2015 - 17:50:05: Team "CT" triggered "CTs_Win" (CT "5") (T "11")
L 03/25/2015 - 17:50:05: World triggered "Round_End"
L 03/25/2015 - 17:50:10: "Fukkaroo<5><STEAM_ID_LAN><TERRORIST>" triggered "Spawned_With_The_Bomb"
L 03/25/2015 - 17:50:16: World triggered "Round_Start"
L 03/25/2015 - 17:50:50: "MagicalWizard<2><STEAM_ID_LAN><CT>" killed "AllahAkbar<1><STEAM_ID_LAN><TERRORIST>" with "m4a1"
L 03/25/2015 - 17:50:52: "Player<7><STEAM_ID_LAN><CT>" killed "Fukkaroo<5><STEAM_ID_LAN><TERRORIST>" with "m4a1"
L 03/25/2015 - 17:50:52: Team "CT" triggered "CTs_Win" (CT "6") (T "11")
L 03/25/2015 - 17:50:52: World triggered "Round_End"
L 03/25/2015 - 17:50:57: "AllahAkbar<1><STEAM_ID_LAN><TERRORIST>" triggered "Spawned_With_The_Bomb"
L 03/25/2015 - 17:51:03: World triggered "Round_Start"
L 03/25/2015 - 17:51:26: "Fukkaroo<5><STEAM_ID_LAN><TERRORIST>" killed "Player<7><STEAM_ID_LAN><CT>" with "scout"
L 03/25/2015 - 17:51:34: Team "CT" scored "6" with "3" players
L 03/25/2015 - 17:51:34: Team "TERRORIST" scored "11" with "2" players
L 03/25/2015 - 17:51:44: Log file closed
