L 03/25/2015 - 18:54:45: Log file started (file "logs/L0325013.log") (game "czero") (version "48/1.0.0.3/Stdio/6153")
L 03/25/2015 - 18:54:45: "AllahAkbar<12><STEAM_ID_LAN><>" connected, address "loopback"
L 03/25/2015 - 18:54:46: "AllahAkbar<12><STEAM_ID_LAN><>" entered the game
L 03/25/2015 - 18:54:47: "denes<13><STEAM_ID_LAN><>" connected, address "192.168.1.131:27005"
L 03/25/2015 - 18:54:48: "MagicalWizard<14><STEAM_ID_LAN><>" connected, address "192.168.1.190:27005"
L 03/25/2015 - 18:54:50: "denes<13><STEAM_ID_LAN><>" entered the game
L 03/25/2015 - 18:54:50: "MagicalWizard<14><STEAM_ID_LAN><>" entered the game
L 03/25/2015 - 18:54:52: World triggered "Round_Start"
L 03/25/2015 - 18:54:53: "MagicalWizard<14><STEAM_ID_LAN><>" joined team "CT"
L 03/25/2015 - 18:54:54: "AllahAkbar<12><STEAM_ID_LAN><>" joined team "TERRORIST"
L 03/25/2015 - 18:54:55: "denes<13><STEAM_ID_LAN><>" joined team "TERRORIST"
L 03/25/2015 - 18:54:55: World triggered "Game_Commencing"
L 03/25/2015 - 18:54:55: World triggered "Game_Commencing" (CT "0") (T "0")
L 03/25/2015 - 18:54:55: World triggered "Round_End"
L 03/25/2015 - 18:54:58: "AllahAkbar<12><STEAM_ID_LAN><TERRORIST>" triggered "Spawned_With_The_Bomb"
L 03/25/2015 - 18:55:02: "Player<15><STEAM_ID_LAN><>" connected, address "192.168.1.22:27005"
L 03/25/2015 - 18:55:04: World triggered "Round_Start"
L 03/25/2015 - 18:55:06: "Player<15><STEAM_ID_LAN><>" entered the game
L 03/25/2015 - 18:55:16: "Player<15><STEAM_ID_LAN><>" joined team "CT"
L 03/25/2015 - 18:55:20: "Fukkaroo<16><STEAM_ID_LAN><>" connected, address "192.168.1.195:27005"
L 03/25/2015 - 18:55:22: "Fukkaroo<16><STEAM_ID_LAN><>" entered the game
L 03/25/2015 - 18:55:25: "Fukkaroo<16><STEAM_ID_LAN><>" joined team "CT"
L 03/25/2015 - 18:56:02: "AllahAkbar<12><STEAM_ID_LAN><TERRORIST>" triggered "Planted_The_Bomb"
L 03/25/2015 - 18:56:47: Team "TERRORIST" triggered "Target_Bombed" (CT "0") (T "1")
L 03/25/2015 - 18:56:47: World triggered "Round_End"
L 03/25/2015 - 18:56:52: "denes<13><STEAM_ID_LAN><TERRORIST>" triggered "Spawned_With_The_Bomb"
L 03/25/2015 - 18:56:58: World triggered "Round_Start"
L 03/25/2015 - 18:57:15: "MagicalWizard<14><STEAM_ID_LAN><CT>" committed suicide with "world"
L 03/25/2015 - 18:57:15: "MagicalWizard<14><STEAM_ID_LAN><CT>" joined team "TERRORIST"
L 03/25/2015 - 18:57:23: "Player<15><STEAM_ID_LAN><CT>" killed "denes<13><STEAM_ID_LAN><TERRORIST>" with "mp5navy"
L 03/25/2015 - 18:57:23: "denes<13><STEAM_ID_LAN><TERRORIST>" triggered "Dropped_The_Bomb"
L 03/25/2015 - 18:57:25: "AllahAkbar<12><STEAM_ID_LAN><TERRORIST>" killed "Player<15><STEAM_ID_LAN><CT>" with "ump45"
L 03/25/2015 - 18:57:27: "AllahAkbar<12><STEAM_ID_LAN><TERRORIST>" triggered "Got_The_Bomb"
L 03/25/2015 - 18:57:30: "Fukkaroo<16><STEAM_ID_LAN><CT>" killed "AllahAkbar<12><STEAM_ID_LAN><TERRORIST>" with "ak47"
L 03/25/2015 - 18:57:30: Team "CT" triggered "CTs_Win" (CT "1") (T "1")
L 03/25/2015 - 18:57:30: World triggered "Round_End"
L 03/25/2015 - 18:57:35: "MagicalWizard<14><STEAM_ID_LAN><TERRORIST>" triggered "Spawned_With_The_Bomb"
L 03/25/2015 - 18:57:41: World triggered "Round_Start"
L 03/25/2015 - 18:58:24: "MagicalWizard<14><STEAM_ID_LAN><TERRORIST>" triggered "Planted_The_Bomb"
L 03/25/2015 - 18:58:31: "denes<13><STEAM_ID_LAN><TERRORIST>" killed "Player<15><STEAM_ID_LAN><CT>" with "mp5navy"
L 03/25/2015 - 18:58:34: "AllahAkbar<12><STEAM_ID_LAN><TERRORIST>" killed "Fukkaroo<16><STEAM_ID_LAN><CT>" with "deagle"
L 03/25/2015 - 18:58:34: Team "TERRORIST" triggered "Terrorists_Win" (CT "1") (T "2")
L 03/25/2015 - 18:58:34: World triggered "Round_End"
L 03/25/2015 - 18:58:39: "AllahAkbar<12><STEAM_ID_LAN><TERRORIST>" triggered "Spawned_With_The_Bomb"
L 03/25/2015 - 18:58:45: World triggered "Round_Start"
L 03/25/2015 - 18:59:07: "Player<15><STEAM_ID_LAN><CT>" killed "denes<13><STEAM_ID_LAN><TERRORIST>" with "mp5navy"
L 03/25/2015 - 18:59:09: "MagicalWizard<14><STEAM_ID_LAN><TERRORIST>" killed "Player<15><STEAM_ID_LAN><CT>" with "ak47"
L 03/25/2015 - 18:59:10: "MagicalWizard<14><STEAM_ID_LAN><TERRORIST>" killed "Fukkaroo<16><STEAM_ID_LAN><CT>" with "ak47"
L 03/25/2015 - 18:59:10: Team "TERRORIST" triggered "Terrorists_Win" (CT "1") (T "3")
L 03/25/2015 - 18:59:10: World triggered "Round_End"
L 03/25/2015 - 18:59:15: "denes<13><STEAM_ID_LAN><TERRORIST>" triggered "Spawned_With_The_Bomb"
L 03/25/2015 - 18:59:21: World triggered "Round_Start"
L 03/25/2015 - 18:59:32: "Fukkaroo<16><STEAM_ID_LAN><CT>" killed "denes<13><STEAM_ID_LAN><TERRORIST>" with "deagle"
L 03/25/2015 - 18:59:32: "denes<13><STEAM_ID_LAN><TERRORIST>" triggered "Dropped_The_Bomb"
L 03/25/2015 - 18:59:39: "AllahAkbar<12><STEAM_ID_LAN><TERRORIST>" killed "Fukkaroo<16><STEAM_ID_LAN><CT>" with "ak47"
L 03/25/2015 - 18:59:40: "Player<15><STEAM_ID_LAN><CT>" killed "AllahAkbar<12><STEAM_ID_LAN><TERRORIST>" with "mp5navy"
L 03/25/2015 - 18:59:42: "MagicalWizard<14><STEAM_ID_LAN><TERRORIST>" killed "Player<15><STEAM_ID_LAN><CT>" with "ak47"
L 03/25/2015 - 18:59:42: Team "TERRORIST" triggered "Terrorists_Win" (CT "1") (T "4")
L 03/25/2015 - 18:59:42: World triggered "Round_End"
L 03/25/2015 - 18:59:45: "MagicalWizard<14><STEAM_ID_LAN><TERRORIST>" triggered "Got_The_Bomb"
L 03/25/2015 - 18:59:47: "MagicalWizard<14><STEAM_ID_LAN><TERRORIST>" triggered "Spawned_With_The_Bomb"
L 03/25/2015 - 18:59:53: World triggered "Round_Start"
L 03/25/2015 - 19:00:30: "AllahAkbar<12><STEAM_ID_LAN><TERRORIST>" killed "Fukkaroo<16><STEAM_ID_LAN><CT>" with "ak47"
L 03/25/2015 - 19:00:33: "denes<13><STEAM_ID_LAN><TERRORIST>" killed "Player<15><STEAM_ID_LAN><CT>" with "ak47"
L 03/25/2015 - 19:00:33: Team "TERRORIST" triggered "Terrorists_Win" (CT "1") (T "5")
L 03/25/2015 - 19:00:33: World triggered "Round_End"
L 03/25/2015 - 19:00:38: "AllahAkbar<12><STEAM_ID_LAN><TERRORIST>" triggered "Spawned_With_The_Bomb"
L 03/25/2015 - 19:00:44: World triggered "Round_Start"
L 03/25/2015 - 19:01:00: "Fukkaroo<16><STEAM_ID_LAN><CT>" killed "MagicalWizard<14><STEAM_ID_LAN><TERRORIST>" with "deagle"
L 03/25/2015 - 19:01:05: "AllahAkbar<12><STEAM_ID_LAN><TERRORIST>" killed "Player<15><STEAM_ID_LAN><CT>" with "ak47"
L 03/25/2015 - 19:01:06: "Fukkaroo<16><STEAM_ID_LAN><CT>" killed "AllahAkbar<12><STEAM_ID_LAN><TERRORIST>" with "deagle"
L 03/25/2015 - 19:01:06: "AllahAkbar<12><STEAM_ID_LAN><TERRORIST>" triggered "Dropped_The_Bomb"
L 03/25/2015 - 19:01:11: "Fukkaroo<16><STEAM_ID_LAN><CT>" killed "denes<13><STEAM_ID_LAN><TERRORIST>" with "deagle"
L 03/25/2015 - 19:01:11: Team "CT" triggered "CTs_Win" (CT "2") (T "5")
L 03/25/2015 - 19:01:11: World triggered "Round_End"
L 03/25/2015 - 19:01:16: "denes<13><STEAM_ID_LAN><TERRORIST>" triggered "Spawned_With_The_Bomb"
L 03/25/2015 - 19:01:22: World triggered "Round_Start"
L 03/25/2015 - 19:01:53: "Fukkaroo<16><STEAM_ID_LAN><CT>" killed "AllahAkbar<12><STEAM_ID_LAN><TERRORIST>" with "ak47"
L 03/25/2015 - 19:01:56: "Fukkaroo<16><STEAM_ID_LAN><CT>" killed "MagicalWizard<14><STEAM_ID_LAN><TERRORIST>" with "ak47"
L 03/25/2015 - 19:02:25: "denes<13><STEAM_ID_LAN><TERRORIST>" triggered "Planted_The_Bomb"
L 03/25/2015 - 19:02:32: "Fukkaroo<16><STEAM_ID_LAN><CT>" killed "denes<13><STEAM_ID_LAN><TERRORIST>" with "ak47"
L 03/25/2015 - 19:02:37: "Fukkaroo<16><STEAM_ID_LAN><CT>" triggered "Begin_Bomb_Defuse_Without_Kit"
L 03/25/2015 - 19:02:38: "Fukkaroo<16><STEAM_ID_LAN><CT>" triggered "Begin_Bomb_Defuse_Without_Kit"
L 03/25/2015 - 19:02:48: "Fukkaroo<16><STEAM_ID_LAN><CT>" triggered "Defused_The_Bomb"
L 03/25/2015 - 19:02:48: Team "CT" triggered "Bomb_Defused" (CT "3") (T "5")
L 03/25/2015 - 19:02:48: World triggered "Round_End"
L 03/25/2015 - 19:02:53: "MagicalWizard<14><STEAM_ID_LAN><TERRORIST>" triggered "Spawned_With_The_Bomb"
L 03/25/2015 - 19:02:59: World triggered "Round_Start"
L 03/25/2015 - 19:03:40: "MagicalWizard<14><STEAM_ID_LAN><TERRORIST>" triggered "Planted_The_Bomb"
L 03/25/2015 - 19:03:44: "AllahAkbar<12><STEAM_ID_LAN><TERRORIST>" killed "Fukkaroo<16><STEAM_ID_LAN><CT>" with "ak47"
L 03/25/2015 - 19:03:44: "MagicalWizard<14><STEAM_ID_LAN><TERRORIST>" killed "Player<15><STEAM_ID_LAN><CT>" with "ak47"
L 03/25/2015 - 19:03:44: Team "TERRORIST" triggered "Terrorists_Win" (CT "3") (T "6")
L 03/25/2015 - 19:03:44: World triggered "Round_End"
L 03/25/2015 - 19:03:49: "AllahAkbar<12><STEAM_ID_LAN><TERRORIST>" triggered "Spawned_With_The_Bomb"
L 03/25/2015 - 19:03:55: World triggered "Round_Start"
L 03/25/2015 - 19:04:32: "Player<15><STEAM_ID_LAN><CT>" killed "MagicalWizard<14><STEAM_ID_LAN><TERRORIST>" with "m4a1"
L 03/25/2015 - 19:04:32: "AllahAkbar<12><STEAM_ID_LAN><TERRORIST>" triggered "Planted_The_Bomb"
L 03/25/2015 - 19:04:37: "Player<15><STEAM_ID_LAN><CT>" killed "denes<13><STEAM_ID_LAN><TERRORIST>" with "m4a1"
L 03/25/2015 - 19:04:44: "Fukkaroo<16><STEAM_ID_LAN><CT>" killed "AllahAkbar<12><STEAM_ID_LAN><TERRORIST>" with "m4a1"
L 03/25/2015 - 19:04:49: "Fukkaroo<16><STEAM_ID_LAN><CT>" triggered "Begin_Bomb_Defuse_Without_Kit"
L 03/25/2015 - 19:04:56: "Fukkaroo<16><STEAM_ID_LAN><CT>" triggered "Begin_Bomb_Defuse_Without_Kit"
L 03/25/2015 - 19:04:57: "Fukkaroo<16><STEAM_ID_LAN><CT>" triggered "Begin_Bomb_Defuse_Without_Kit"
L 03/25/2015 - 19:04:57: "Fukkaroo<16><STEAM_ID_LAN><CT>" triggered "Begin_Bomb_Defuse_Without_Kit"
L 03/25/2015 - 19:05:07: "Fukkaroo<16><STEAM_ID_LAN><CT>" triggered "Defused_The_Bomb"
L 03/25/2015 - 19:05:07: Team "CT" triggered "Bomb_Defused" (CT "4") (T "6")
L 03/25/2015 - 19:05:07: World triggered "Round_End"
L 03/25/2015 - 19:05:12: "denes<13><STEAM_ID_LAN><TERRORIST>" triggered "Spawned_With_The_Bomb"
L 03/25/2015 - 19:05:18: World triggered "Round_Start"
L 03/25/2015 - 19:06:06: "denes<13><STEAM_ID_LAN><TERRORIST>" killed "Fukkaroo<16><STEAM_ID_LAN><CT>" with "ak47"
L 03/25/2015 - 19:06:12: "denes<13><STEAM_ID_LAN><TERRORIST>" triggered "Planted_The_Bomb"
L 03/25/2015 - 19:06:20: "Player<15><STEAM_ID_LAN><CT>" killed "AllahAkbar<12><STEAM_ID_LAN><TERRORIST>" with "m4a1"
L 03/25/2015 - 19:06:21: "denes<13><STEAM_ID_LAN><TERRORIST>" killed "Player<15><STEAM_ID_LAN><CT>" with "ak47"
L 03/25/2015 - 19:06:21: Team "TERRORIST" triggered "Terrorists_Win" (CT "4") (T "7")
L 03/25/2015 - 19:06:21: World triggered "Round_End"
L 03/25/2015 - 19:06:26: "MagicalWizard<14><STEAM_ID_LAN><TERRORIST>" triggered "Spawned_With_The_Bomb"
L 03/25/2015 - 19:06:32: World triggered "Round_Start"
L 03/25/2015 - 19:07:12: "MagicalWizard<14><STEAM_ID_LAN><TERRORIST>" triggered "Planted_The_Bomb"
L 03/25/2015 - 19:07:21: "Fukkaroo<16><STEAM_ID_LAN><CT>" killed "denes<13><STEAM_ID_LAN><TERRORIST>" with "m4a1"
L 03/25/2015 - 19:07:32: "Player<15><STEAM_ID_LAN><CT>" killed "AllahAkbar<12><STEAM_ID_LAN><TERRORIST>" with "m4a1"
L 03/25/2015 - 19:07:38: "MagicalWizard<14><STEAM_ID_LAN><TERRORIST>" killed "Fukkaroo<16><STEAM_ID_LAN><CT>" with "m249"
L 03/25/2015 - 19:07:51: "Player<15><STEAM_ID_LAN><CT>" triggered "Begin_Bomb_Defuse_With_Kit"
L 03/25/2015 - 19:07:52: "MagicalWizard<14><STEAM_ID_LAN><TERRORIST>" killed "Player<15><STEAM_ID_LAN><CT>" with "m249"
L 03/25/2015 - 19:07:52: Team "TERRORIST" triggered "Terrorists_Win" (CT "4") (T "8")
L 03/25/2015 - 19:07:52: World triggered "Round_End"
L 03/25/2015 - 19:07:57: "AllahAkbar<12><STEAM_ID_LAN><TERRORIST>" triggered "Spawned_With_The_Bomb"
L 03/25/2015 - 19:08:03: World triggered "Round_Start"
L 03/25/2015 - 19:08:09: "denes<13><STEAM_ID_LAN><TERRORIST>" say_team "right"
L 03/25/2015 - 19:08:29: "AllahAkbar<12><STEAM_ID_LAN><TERRORIST>" killed "Player<15><STEAM_ID_LAN><CT>" with "ump45"
L 03/25/2015 - 19:08:31: "Fukkaroo<16><STEAM_ID_LAN><CT>" killed "denes<13><STEAM_ID_LAN><TERRORIST>" with "m3"
L 03/25/2015 - 19:08:35: "Fukkaroo<16><STEAM_ID_LAN><CT>" killed "AllahAkbar<12><STEAM_ID_LAN><TERRORIST>" with "m3"
L 03/25/2015 - 19:08:35: "AllahAkbar<12><STEAM_ID_LAN><TERRORIST>" triggered "Dropped_The_Bomb"
L 03/25/2015 - 19:09:27: "MagicalWizard<14><STEAM_ID_LAN><TERRORIST>" killed "Fukkaroo<16><STEAM_ID_LAN><CT>" with "ak47"
L 03/25/2015 - 19:09:27: Team "TERRORIST" triggered "Terrorists_Win" (CT "4") (T "9")
L 03/25/2015 - 19:09:27: World triggered "Round_End"
L 03/25/2015 - 19:09:30: "MagicalWizard<14><STEAM_ID_LAN><TERRORIST>" triggered "Got_The_Bomb"
L 03/25/2015 - 19:09:32: "denes<13><STEAM_ID_LAN><TERRORIST>" triggered "Spawned_With_The_Bomb"
L 03/25/2015 - 19:09:38: World triggered "Round_Start"
L 03/25/2015 - 19:10:18: "denes<13><STEAM_ID_LAN><TERRORIST>" triggered "Planted_The_Bomb"
L 03/25/2015 - 19:10:18: "Fukkaroo<16><STEAM_ID_LAN><CT>" killed "AllahAkbar<12><STEAM_ID_LAN><TERRORIST>" with "deagle"
L 03/25/2015 - 19:10:29: "Fukkaroo<16><STEAM_ID_LAN><CT>" killed "MagicalWizard<14><STEAM_ID_LAN><TERRORIST>" with "ak47"
L 03/25/2015 - 19:10:41: "Fukkaroo<16><STEAM_ID_LAN><CT>" killed "denes<13><STEAM_ID_LAN><TERRORIST>" with "ak47"
L 03/25/2015 - 19:10:47: "Fukkaroo<16><STEAM_ID_LAN><CT>" triggered "Begin_Bomb_Defuse_Without_Kit"
L 03/25/2015 - 19:10:57: "Fukkaroo<16><STEAM_ID_LAN><CT>" triggered "Defused_The_Bomb"
L 03/25/2015 - 19:10:57: Team "CT" triggered "Bomb_Defused" (CT "5") (T "9")
L 03/25/2015 - 19:10:57: World triggered "Round_End"
L 03/25/2015 - 19:11:02: "MagicalWizard<14><STEAM_ID_LAN><TERRORIST>" triggered "Spawned_With_The_Bomb"
L 03/25/2015 - 19:11:08: World triggered "Round_Start"
L 03/25/2015 - 19:12:04: "AllahAkbar<12><STEAM_ID_LAN><TERRORIST>" killed "Player<15><STEAM_ID_LAN><CT>" with "deagle"
L 03/25/2015 - 19:12:12: "denes<13><STEAM_ID_LAN><TERRORIST>" killed "Fukkaroo<16><STEAM_ID_LAN><CT>" with "mp5navy"
L 03/25/2015 - 19:12:12: Team "TERRORIST" triggered "Terrorists_Win" (CT "5") (T "10")
L 03/25/2015 - 19:12:12: World triggered "Round_End"
L 03/25/2015 - 19:12:17: "AllahAkbar<12><STEAM_ID_LAN><TERRORIST>" triggered "Spawned_With_The_Bomb"
L 03/25/2015 - 19:12:23: World triggered "Round_Start"
L 03/25/2015 - 19:12:39: "AllahAkbar<12><STEAM_ID_LAN><TERRORIST>" killed "Player<15><STEAM_ID_LAN><CT>" with "m4a1"
L 03/25/2015 - 19:12:52: "Fukkaroo<16><STEAM_ID_LAN><CT>" killed "MagicalWizard<14><STEAM_ID_LAN><TERRORIST>" with "m4a1"
L 03/25/2015 - 19:12:59: "Fukkaroo<16><STEAM_ID_LAN><CT>" killed "AllahAkbar<12><STEAM_ID_LAN><TERRORIST>" with "m4a1"
L 03/25/2015 - 19:12:59: "AllahAkbar<12><STEAM_ID_LAN><TERRORIST>" triggered "Dropped_The_Bomb"
L 03/25/2015 - 19:13:15: "Fukkaroo<16><STEAM_ID_LAN><CT>" killed "denes<13><STEAM_ID_LAN><TERRORIST>" with "m4a1"
L 03/25/2015 - 19:13:15: Team "CT" triggered "CTs_Win" (CT "6") (T "10")
L 03/25/2015 - 19:13:15: World triggered "Round_End"
L 03/25/2015 - 19:13:20: "denes<13><STEAM_ID_LAN><TERRORIST>" triggered "Spawned_With_The_Bomb"
L 03/25/2015 - 19:13:26: World triggered "Round_Start"
L 03/25/2015 - 19:13:37: "(1)Player<17><STEAM_ID_LAN><>" connected, address "192.168.1.124:27005"
L 03/25/2015 - 19:14:02: "(1)Player<17><STEAM_ID_LAN><>" entered the game
L 03/25/2015 - 19:14:05: "(1)Player<17><STEAM_ID_LAN><>" joined team "CT"
L 03/25/2015 - 19:14:05: "MagicalWizard<14><STEAM_ID_LAN><TERRORIST>" killed "Player<15><STEAM_ID_LAN><CT>" with "ak47"
L 03/25/2015 - 19:14:07: "Fukkaroo<16><STEAM_ID_LAN><CT>" killed "MagicalWizard<14><STEAM_ID_LAN><TERRORIST>" with "m4a1"
L 03/25/2015 - 19:14:21: "denes<13><STEAM_ID_LAN><TERRORIST>" triggered "Planted_The_Bomb"
L 03/25/2015 - 19:14:53: "(1)Player<17><STEAM_ID_LAN><CT>" disconnected
L 03/25/2015 - 19:14:53: "Markyew<18><STEAM_ID_LAN><>" connected, address "192.168.1.124:27005"
L 03/25/2015 - 19:14:55: "Markyew<18><STEAM_ID_LAN><>" entered the game
L 03/25/2015 - 19:14:58: Team "CT" scored "6" with "2" players
L 03/25/2015 - 19:14:58: Team "TERRORIST" scored "10" with "3" players
L 03/25/2015 - 19:15:07: Team "TERRORIST" triggered "Target_Bombed" (CT "6") (T "11")
L 03/25/2015 - 19:15:07: World triggered "Round_End"
L 03/25/2015 - 19:15:08: Log file closed
