L 03/25/2015 - 20:00:15: Log file started (file "logs/L0325021.log") (game "czero") (version "48/1.0.0.3/Stdio/6153")
L 03/25/2015 - 20:00:16: "AllahAkbar<19><STEAM_ID_LAN><>" connected, address "loopback"
L 03/25/2015 - 20:00:17: "AllahAkbar<19><STEAM_ID_LAN><>" entered the game
L 03/25/2015 - 20:00:19: "denes<20><STEAM_ID_LAN><>" connected, address "192.168.1.131:27005"
L 03/25/2015 - 20:00:22: "Markyew<21><STEAM_ID_LAN><>" connected, address "192.168.1.124:27005"
L 03/25/2015 - 20:00:22: "denes<20><STEAM_ID_LAN><>" entered the game
L 03/25/2015 - 20:00:22: "MagicalWizard<22><STEAM_ID_LAN><>" connected, address "192.168.1.190:27005"
L 03/25/2015 - 20:00:23: World triggered "Round_Start"
L 03/25/2015 - 20:00:25: "MagicalWizard<22><STEAM_ID_LAN><>" entered the game
L 03/25/2015 - 20:00:26: "Markyew<21><STEAM_ID_LAN><>" entered the game
L 03/25/2015 - 20:00:26: "denes<20><STEAM_ID_LAN><>" joined team "CT"
L 03/25/2015 - 20:00:28: "MagicalWizard<22><STEAM_ID_LAN><>" joined team "CT"
L 03/25/2015 - 20:00:32: "Markyew<21><STEAM_ID_LAN><>" joined team "TERRORIST"
L 03/25/2015 - 20:00:38: World triggered "Game_Commencing"
L 03/25/2015 - 20:00:38: World triggered "Game_Commencing" (CT "0") (T "0")
L 03/25/2015 - 20:00:38: World triggered "Round_End"
L 03/25/2015 - 20:00:41: "Markyew<21><STEAM_ID_LAN><TERRORIST>" triggered "Spawned_With_The_Bomb"
L 03/25/2015 - 20:00:47: World triggered "Round_Start"
L 03/25/2015 - 20:00:56: "SexualHarrasmentPanda<23><STEAM_ID_LAN><>" connected, address "192.168.1.195:27005"
L 03/25/2015 - 20:00:59: "SexualHarrasmentPanda<23><STEAM_ID_LAN><>" entered the game
L 03/25/2015 - 20:01:04: "SexualHarrasmentPanda<23><STEAM_ID_LAN><>" joined team "CT"
L 03/25/2015 - 20:01:40: "AllahAkbar<19><STEAM_ID_LAN><>" joined team "TERRORIST"
L 03/25/2015 - 20:02:03: "Markyew<21><STEAM_ID_LAN><TERRORIST>" killed "denes<20><STEAM_ID_LAN><CT>" with "glock18"
L 03/25/2015 - 20:02:42: "SexualHarrasmentPanda<23><STEAM_ID_LAN><CT>" killed "Markyew<21><STEAM_ID_LAN><TERRORIST>" with "usp"
L 03/25/2015 - 20:02:42: Team "CT" triggered "CTs_Win" (CT "1") (T "0")
L 03/25/2015 - 20:02:42: World triggered "Round_End"
L 03/25/2015 - 20:02:47: "Markyew<21><STEAM_ID_LAN><TERRORIST>" triggered "Spawned_With_The_Bomb"
L 03/25/2015 - 20:02:53: World triggered "Round_Start"
L 03/25/2015 - 20:03:14: "SexualHarrasmentPanda<23><STEAM_ID_LAN><CT>" killed "Markyew<21><STEAM_ID_LAN><TERRORIST>" with "usp"
L 03/25/2015 - 20:03:14: "Markyew<21><STEAM_ID_LAN><TERRORIST>" triggered "Dropped_The_Bomb"
L 03/25/2015 - 20:03:16: "AllahAkbar<19><STEAM_ID_LAN><TERRORIST>" killed "SexualHarrasmentPanda<23><STEAM_ID_LAN><CT>" with "deagle"
L 03/25/2015 - 20:03:19: "MagicalWizard<22><STEAM_ID_LAN><CT>" killed "AllahAkbar<19><STEAM_ID_LAN><TERRORIST>" with "m4a1"
L 03/25/2015 - 20:03:19: Team "CT" triggered "CTs_Win" (CT "2") (T "0")
L 03/25/2015 - 20:03:19: World triggered "Round_End"
L 03/25/2015 - 20:03:24: "AllahAkbar<19><STEAM_ID_LAN><TERRORIST>" triggered "Spawned_With_The_Bomb"
L 03/25/2015 - 20:03:30: World triggered "Round_Start"
L 03/25/2015 - 20:03:40: "Markyew<21><STEAM_ID_LAN><TERRORIST>" killed "SexualHarrasmentPanda<23><STEAM_ID_LAN><CT>" with "mp5navy"
L 03/25/2015 - 20:03:40: "MagicalWizard<22><STEAM_ID_LAN><CT>" killed "Markyew<21><STEAM_ID_LAN><TERRORIST>" with "m4a1"
L 03/25/2015 - 20:03:44: "AllahAkbar<19><STEAM_ID_LAN><TERRORIST>" killed "MagicalWizard<22><STEAM_ID_LAN><CT>" with "deagle"
L 03/25/2015 - 20:04:04: "AllahAkbar<19><STEAM_ID_LAN><TERRORIST>" killed "denes<20><STEAM_ID_LAN><CT>" with "mp5navy"
L 03/25/2015 - 20:04:04: Team "TERRORIST" triggered "Terrorists_Win" (CT "2") (T "1")
L 03/25/2015 - 20:04:04: World triggered "Round_End"
L 03/25/2015 - 20:04:09: "Markyew<21><STEAM_ID_LAN><TERRORIST>" triggered "Spawned_With_The_Bomb"
L 03/25/2015 - 20:04:15: World triggered "Round_Start"
L 03/25/2015 - 20:05:06: "Markyew<21><STEAM_ID_LAN><TERRORIST>" triggered "Planted_The_Bomb"
L 03/25/2015 - 20:05:09: "SexualHarrasmentPanda<23><STEAM_ID_LAN><CT>" say "Fuck you"
L 03/25/2015 - 20:05:10: "denes<20><STEAM_ID_LAN><CT>" killed "Markyew<21><STEAM_ID_LAN><TERRORIST>" with "awp"
L 03/25/2015 - 20:05:25: "denes<20><STEAM_ID_LAN><CT>" triggered "Begin_Bomb_Defuse_Without_Kit"
L 03/25/2015 - 20:05:35: "denes<20><STEAM_ID_LAN><CT>" triggered "Defused_The_Bomb"
L 03/25/2015 - 20:05:35: Team "CT" triggered "Bomb_Defused" (CT "3") (T "1")
L 03/25/2015 - 20:05:35: World triggered "Round_End"
L 03/25/2015 - 20:05:40: "AllahAkbar<19><STEAM_ID_LAN><TERRORIST>" triggered "Spawned_With_The_Bomb"
L 03/25/2015 - 20:05:46: World triggered "Round_Start"
L 03/25/2015 - 20:06:22: "Markyew<21><STEAM_ID_LAN><TERRORIST>" killed "MagicalWizard<22><STEAM_ID_LAN><CT>" with "ak47"
L 03/25/2015 - 20:06:38: "AllahAkbar<19><STEAM_ID_LAN><TERRORIST>" triggered "Planted_The_Bomb"
L 03/25/2015 - 20:07:09: "Markyew<21><STEAM_ID_LAN><TERRORIST>" killed "SexualHarrasmentPanda<23><STEAM_ID_LAN><CT>" with "ak47"
L 03/25/2015 - 20:07:23: Team "TERRORIST" triggered "Target_Bombed" (CT "3") (T "2")
L 03/25/2015 - 20:07:23: World triggered "Round_End"
L 03/25/2015 - 20:07:28: "Markyew<21><STEAM_ID_LAN><TERRORIST>" triggered "Spawned_With_The_Bomb"
L 03/25/2015 - 20:07:34: World triggered "Round_Start"
L 03/25/2015 - 20:07:51: "AllahAkbar<19><STEAM_ID_LAN><TERRORIST>" killed "SexualHarrasmentPanda<23><STEAM_ID_LAN><CT>" with "ak47"
L 03/25/2015 - 20:07:52: "denes<20><STEAM_ID_LAN><CT>" killed "AllahAkbar<19><STEAM_ID_LAN><TERRORIST>" with "awp"
L 03/25/2015 - 20:08:05: "Markyew<21><STEAM_ID_LAN><TERRORIST>" killed "denes<20><STEAM_ID_LAN><CT>" with "ak47"
L 03/25/2015 - 20:08:35: "Markyew<21><STEAM_ID_LAN><TERRORIST>" triggered "Planted_The_Bomb"
L 03/25/2015 - 20:08:53: "Markyew<21><STEAM_ID_LAN><TERRORIST>" killed "MagicalWizard<22><STEAM_ID_LAN><CT>" with "ak47"
L 03/25/2015 - 20:08:53: Team "TERRORIST" triggered "Terrorists_Win" (CT "3") (T "3")
L 03/25/2015 - 20:08:53: World triggered "Round_End"
L 03/25/2015 - 20:08:59: "AllahAkbar<19><STEAM_ID_LAN><TERRORIST>" triggered "Spawned_With_The_Bomb"
L 03/25/2015 - 20:09:05: World triggered "Round_Start"
L 03/25/2015 - 20:09:59: "AllahAkbar<19><STEAM_ID_LAN><TERRORIST>" triggered "Planted_The_Bomb"
L 03/25/2015 - 20:10:01: "Markyew<21><STEAM_ID_LAN><TERRORIST>" killed "SexualHarrasmentPanda<23><STEAM_ID_LAN><CT>" with "ak47"
L 03/25/2015 - 20:10:19: "denes<20><STEAM_ID_LAN><CT>" killed "AllahAkbar<19><STEAM_ID_LAN><TERRORIST>" with "m4a1"
L 03/25/2015 - 20:10:23: "Markyew<21><STEAM_ID_LAN><TERRORIST>" killed "denes<20><STEAM_ID_LAN><CT>" with "ak47"
L 03/25/2015 - 20:10:44: Team "TERRORIST" triggered "Target_Bombed" (CT "3") (T "4")
L 03/25/2015 - 20:10:44: World triggered "Round_End"
L 03/25/2015 - 20:10:49: "Markyew<21><STEAM_ID_LAN><TERRORIST>" triggered "Spawned_With_The_Bomb"
L 03/25/2015 - 20:10:55: World triggered "Round_Start"
L 03/25/2015 - 20:11:10: "MagicalWizard<22><STEAM_ID_LAN><CT>" killed "Markyew<21><STEAM_ID_LAN><TERRORIST>" with "famas"
L 03/25/2015 - 20:11:10: "Markyew<21><STEAM_ID_LAN><TERRORIST>" triggered "Dropped_The_Bomb"
L 03/25/2015 - 20:11:14: "AllahAkbar<19><STEAM_ID_LAN><TERRORIST>" killed "MagicalWizard<22><STEAM_ID_LAN><CT>" with "ak47"
L 03/25/2015 - 20:11:16: "AllahAkbar<19><STEAM_ID_LAN><TERRORIST>" killed "SexualHarrasmentPanda<23><STEAM_ID_LAN><CT>" with "ak47"
L 03/25/2015 - 20:11:23: "AllahAkbar<19><STEAM_ID_LAN><TERRORIST>" triggered "Got_The_Bomb"
L 03/25/2015 - 20:11:29: "denes<20><STEAM_ID_LAN><CT>" killed "AllahAkbar<19><STEAM_ID_LAN><TERRORIST>" with "xm1014"
L 03/25/2015 - 20:11:29: Team "CT" triggered "CTs_Win" (CT "4") (T "4")
L 03/25/2015 - 20:11:29: World triggered "Round_End"
L 03/25/2015 - 20:11:34: "AllahAkbar<19><STEAM_ID_LAN><TERRORIST>" triggered "Spawned_With_The_Bomb"
L 03/25/2015 - 20:11:40: World triggered "Round_Start"
L 03/25/2015 - 20:12:47: "Markyew<21><STEAM_ID_LAN><TERRORIST>" killed "denes<20><STEAM_ID_LAN><CT>" with "sg552"
L 03/25/2015 - 20:13:03: "AllahAkbar<19><STEAM_ID_LAN><TERRORIST>" triggered "Planted_The_Bomb"
L 03/25/2015 - 20:13:09: "SexualHarrasmentPanda<23><STEAM_ID_LAN><CT>" killed "AllahAkbar<19><STEAM_ID_LAN><TERRORIST>" with "m3"
L 03/25/2015 - 20:13:14: "Markyew<21><STEAM_ID_LAN><TERRORIST>" killed "SexualHarrasmentPanda<23><STEAM_ID_LAN><CT>" with "sg552"
L 03/25/2015 - 20:13:48: Team "TERRORIST" triggered "Target_Bombed" (CT "4") (T "5")
L 03/25/2015 - 20:13:48: World triggered "Round_End"
L 03/25/2015 - 20:13:53: "Markyew<21><STEAM_ID_LAN><TERRORIST>" triggered "Spawned_With_The_Bomb"
L 03/25/2015 - 20:13:59: World triggered "Round_Start"
L 03/25/2015 - 20:14:34: "Markyew<21><STEAM_ID_LAN><TERRORIST>" killed "MagicalWizard<22><STEAM_ID_LAN><CT>" with "sg552"
L 03/25/2015 - 20:14:37: "AllahAkbar<19><STEAM_ID_LAN><TERRORIST>" killed "denes<20><STEAM_ID_LAN><CT>" with "ak47"
L 03/25/2015 - 20:14:40: "Markyew<21><STEAM_ID_LAN><TERRORIST>" killed "SexualHarrasmentPanda<23><STEAM_ID_LAN><CT>" with "glock18"
L 03/25/2015 - 20:14:40: Team "TERRORIST" triggered "Terrorists_Win" (CT "4") (T "6")
L 03/25/2015 - 20:14:40: World triggered "Round_End"
L 03/25/2015 - 20:14:45: "AllahAkbar<19><STEAM_ID_LAN><TERRORIST>" triggered "Spawned_With_The_Bomb"
L 03/25/2015 - 20:14:51: World triggered "Round_Start"
L 03/25/2015 - 20:15:23: "AllahAkbar<19><STEAM_ID_LAN><TERRORIST>" triggered "Planted_The_Bomb"
L 03/25/2015 - 20:15:45: "Markyew<21><STEAM_ID_LAN><TERRORIST>" killed "MagicalWizard<22><STEAM_ID_LAN><CT>" with "sg552"
L 03/25/2015 - 20:15:46: "SexualHarrasmentPanda<23><STEAM_ID_LAN><CT>" killed "Markyew<21><STEAM_ID_LAN><TERRORIST>" with "mp5navy"
L 03/25/2015 - 20:16:01: "AllahAkbar<19><STEAM_ID_LAN><TERRORIST>" killed "SexualHarrasmentPanda<23><STEAM_ID_LAN><CT>" with "ak47"
L 03/25/2015 - 20:16:09: Team "TERRORIST" triggered "Target_Bombed" (CT "4") (T "7")
L 03/25/2015 - 20:16:09: World triggered "Round_End"
L 03/25/2015 - 20:16:14: "Markyew<21><STEAM_ID_LAN><TERRORIST>" triggered "Spawned_With_The_Bomb"
L 03/25/2015 - 20:16:20: World triggered "Round_Start"
L 03/25/2015 - 20:16:32: "Markyew<21><STEAM_ID_LAN><TERRORIST>" killed "SexualHarrasmentPanda<23><STEAM_ID_LAN><CT>" with "ak47"
L 03/25/2015 - 20:16:43: "AllahAkbar<19><STEAM_ID_LAN><TERRORIST>" killed "MagicalWizard<22><STEAM_ID_LAN><CT>" with "ak47"
L 03/25/2015 - 20:16:59: "denes<20><STEAM_ID_LAN><CT>" killed "Markyew<21><STEAM_ID_LAN><TERRORIST>" with "grenade"
L 03/25/2015 - 20:16:59: "Markyew<21><STEAM_ID_LAN><TERRORIST>" triggered "Dropped_The_Bomb"
L 03/25/2015 - 20:17:00: "denes<20><STEAM_ID_LAN><CT>" killed "AllahAkbar<19><STEAM_ID_LAN><TERRORIST>" with "mp5navy"
L 03/25/2015 - 20:17:00: Team "CT" triggered "CTs_Win" (CT "5") (T "7")
L 03/25/2015 - 20:17:00: World triggered "Round_End"
L 03/25/2015 - 20:17:05: "AllahAkbar<19><STEAM_ID_LAN><TERRORIST>" triggered "Spawned_With_The_Bomb"
L 03/25/2015 - 20:17:11: World triggered "Round_Start"
L 03/25/2015 - 20:17:31: "Markyew<21><STEAM_ID_LAN><TERRORIST>" killed "SexualHarrasmentPanda<23><STEAM_ID_LAN><CT>" with "ak47"
L 03/25/2015 - 20:17:35: "denes<20><STEAM_ID_LAN><CT>" killed "AllahAkbar<19><STEAM_ID_LAN><TERRORIST>" with "mp5navy"
L 03/25/2015 - 20:17:35: "AllahAkbar<19><STEAM_ID_LAN><TERRORIST>" triggered "Dropped_The_Bomb"
L 03/25/2015 - 20:17:44: "Markyew<21><STEAM_ID_LAN><TERRORIST>" killed "MagicalWizard<22><STEAM_ID_LAN><CT>" with "ak47"
L 03/25/2015 - 20:18:09: "denes<20><STEAM_ID_LAN><CT>" killed "Markyew<21><STEAM_ID_LAN><TERRORIST>" with "mp5navy"
L 03/25/2015 - 20:18:09: Team "CT" triggered "CTs_Win" (CT "6") (T "7")
L 03/25/2015 - 20:18:09: World triggered "Round_End"
L 03/25/2015 - 20:18:14: "Markyew<21><STEAM_ID_LAN><TERRORIST>" triggered "Spawned_With_The_Bomb"
L 03/25/2015 - 20:18:20: World triggered "Round_Start"
L 03/25/2015 - 20:18:33: "Markyew<21><STEAM_ID_LAN><TERRORIST>" killed "denes<20><STEAM_ID_LAN><CT>" with "ak47"
L 03/25/2015 - 20:18:45: "Markyew<21><STEAM_ID_LAN><TERRORIST>" triggered "Planted_The_Bomb"
L 03/25/2015 - 20:18:48: "SexualHarrasmentPanda<23><STEAM_ID_LAN><CT>" killed "AllahAkbar<19><STEAM_ID_LAN><TERRORIST>" with "deagle"
L 03/25/2015 - 20:18:51: "Markyew<21><STEAM_ID_LAN><TERRORIST>" killed "MagicalWizard<22><STEAM_ID_LAN><CT>" with "ak47"
L 03/25/2015 - 20:18:52: "SexualHarrasmentPanda<23><STEAM_ID_LAN><CT>" killed "Markyew<21><STEAM_ID_LAN><TERRORIST>" with "deagle"
L 03/25/2015 - 20:18:58: "SexualHarrasmentPanda<23><STEAM_ID_LAN><CT>" triggered "Begin_Bomb_Defuse_Without_Kit"
L 03/25/2015 - 20:19:08: "SexualHarrasmentPanda<23><STEAM_ID_LAN><CT>" triggered "Defused_The_Bomb"
L 03/25/2015 - 20:19:08: Team "CT" triggered "Bomb_Defused" (CT "7") (T "7")
L 03/25/2015 - 20:19:08: World triggered "Round_End"
L 03/25/2015 - 20:19:13: "AllahAkbar<19><STEAM_ID_LAN><TERRORIST>" triggered "Spawned_With_The_Bomb"
L 03/25/2015 - 20:19:19: World triggered "Round_Start"
L 03/25/2015 - 20:20:22: "AllahAkbar<19><STEAM_ID_LAN><TERRORIST>" triggered "Planted_The_Bomb"
L 03/25/2015 - 20:20:35: "Markyew<21><STEAM_ID_LAN><TERRORIST>" killed "SexualHarrasmentPanda<23><STEAM_ID_LAN><CT>" with "ak47"
L 03/25/2015 - 20:20:41: Team "CT" scored "7" with "3" players
L 03/25/2015 - 20:20:41: Team "TERRORIST" scored "7" with "2" players
L 03/25/2015 - 20:20:51: Log file closed
