L 03/25/2015 - 18:54:01: Log file started (file "logs/L0325010.log") (game "czero") (version "48/1.0.0.3/Stdio/6153")
L 03/25/2015 - 18:54:01: Loading map "de_airstrip_cz"
L 03/25/2015 - 18:54:01: Server cvars start
L 03/25/2015 - 18:54:01: Server cvar "_tutor_bomb_viewable_check_interval" = "0.5"
L 03/25/2015 - 18:54:01: Server cvar "_tutor_debug_level" = "0"
L 03/25/2015 - 18:54:01: Server cvar "_tutor_examine_time" = "0.5"
L 03/25/2015 - 18:54:01: Server cvar "_tutor_hint_interval_time" = "10.0"
L 03/25/2015 - 18:54:01: Server cvar "_tutor_look_angle" = "10"
L 03/25/2015 - 18:54:01: Server cvar "_tutor_look_distance" = "200"
L 03/25/2015 - 18:54:01: Server cvar "_tutor_message_character_display_time_coefficient" = "0.07"
L 03/25/2015 - 18:54:01: Server cvar "_tutor_message_minimum_display_time" = "1"
L 03/25/2015 - 18:54:01: Server cvar "_tutor_message_repeats" = "5"
L 03/25/2015 - 18:54:01: Server cvar "_tutor_view_distance" = "1000"
L 03/25/2015 - 18:54:01: Server cvar "allow_spectators" = "1.0"
L 03/25/2015 - 18:54:01: Server cvar "bot_allow_grenades" = "1"
L 03/25/2015 - 18:54:01: Server cvar "bot_allow_machine_guns" = "1"
L 03/25/2015 - 18:54:01: Server cvar "bot_allow_pistols" = "1"
L 03/25/2015 - 18:54:01: Server cvar "bot_allow_rifles" = "1"
L 03/25/2015 - 18:54:01: Server cvar "bot_allow_rogues" = "1"
L 03/25/2015 - 18:54:01: Server cvar "bot_allow_shield" = "1"
L 03/25/2015 - 18:54:01: Server cvar "bot_allow_shotguns" = "1"
L 03/25/2015 - 18:54:01: Server cvar "bot_allow_snipers" = "1"
L 03/25/2015 - 18:54:01: Server cvar "bot_allow_sub_machine_guns" = "1"
L 03/25/2015 - 18:54:01: Server cvar "bot_auto_vacate" = "1"
L 03/25/2015 - 18:54:01: Server cvar "bot_chatter" = "off"
L 03/25/2015 - 18:54:01: Server cvar "bot_debug" = "0"
L 03/25/2015 - 18:54:01: Server cvar "bot_defer_to_human" = "0"
L 03/25/2015 - 18:54:01: Server cvar "bot_difficulty" = "-1"
L 03/25/2015 - 18:54:01: Server cvar "bot_join_after_player" = "1"
L 03/25/2015 - 18:54:01: Server cvar "bot_join_team" = "any"
L 03/25/2015 - 18:54:01: Server cvar "bot_nav_edit" = "0"
L 03/25/2015 - 18:54:01: Server cvar "bot_nav_zdraw" = "4"
L 03/25/2015 - 18:54:01: Server cvar "bot_prefix" = "lickLickMyDick"
L 03/25/2015 - 18:54:01: Server cvar "bot_profile_db" = "BotProfile.db"
L 03/25/2015 - 18:54:01: Server cvar "bot_quicksave" = "0"
L 03/25/2015 - 18:54:01: Server cvar "bot_quota" = "0"
L 03/25/2015 - 18:54:01: Server cvar "bot_quota_match" = "0"
L 03/25/2015 - 18:54:01: Server cvar "bot_show_danger" = "0"
L 03/25/2015 - 18:54:01: Server cvar "bot_show_nav" = "0"
L 03/25/2015 - 18:54:01: Server cvar "bot_stop" = "0"
L 03/25/2015 - 18:54:01: Server cvar "bot_traceview" = "0"
L 03/25/2015 - 18:54:01: Server cvar "bot_walk" = "0"
L 03/25/2015 - 18:54:01: Server cvar "bot_zombie" = "0"
L 03/25/2015 - 18:54:01: Server cvar "coop" = "0"
L 03/25/2015 - 18:54:01: Server cvar "deathmatch" = "1"
L 03/25/2015 - 18:54:01: Server cvar "decalfrequency" = "30"
L 03/25/2015 - 18:54:01: Server cvar "edgefriction" = "2"
L 03/25/2015 - 18:54:01: Server cvar "hostage_debug" = "0"
L 03/25/2015 - 18:54:01: Server cvar "hostage_stop" = "0"
L 03/25/2015 - 18:54:01: Server cvar "humans_join_team" = "any"
L 03/25/2015 - 18:54:01: Server cvar "max_queries_sec" = "3.0"
L 03/25/2015 - 18:54:01: Server cvar "max_queries_sec_global" = "30"
L 03/25/2015 - 18:54:01: Server cvar "max_queries_window" = "60"
L 03/25/2015 - 18:54:01: Server cvar "mp_allowmonsters" = "0"
L 03/25/2015 - 18:54:01: Server cvar "mp_autokick" = "0"
L 03/25/2015 - 18:54:01: Server cvar "mp_autokick_timeout" = "-1"
L 03/25/2015 - 18:54:01: Server cvar "mp_autoteambalance" = "0"
L 03/25/2015 - 18:54:01: Server cvar "mp_buytime" = "1.500000"
L 03/25/2015 - 18:54:01: Server cvar "mp_c4timer" = "45"
L 03/25/2015 - 18:54:01: Server cvar "mp_chattime" = "10"
L 03/25/2015 - 18:54:01: Server cvar "mp_consistency" = "1"
L 03/25/2015 - 18:54:01: Server cvar "mp_fadetoblack" = "0"
L 03/25/2015 - 18:54:01: Server cvar "mp_flashlight" = "0"
L 03/25/2015 - 18:54:01: Server cvar "mp_footsteps" = "1"
L 03/25/2015 - 18:54:01: Server cvar "mp_forcecamera" = "0"
L 03/25/2015 - 18:54:01: Server cvar "mp_forcechasecam" = "0"
L 03/25/2015 - 18:54:01: Server cvar "mp_fragsleft" = "0"
L 03/25/2015 - 18:54:01: Server cvar "mp_freezetime" = "6.000000"
L 03/25/2015 - 18:54:01: Server cvar "mp_friendlyfire" = "0"
L 03/25/2015 - 18:54:01: Server cvar "mp_ghostfrequency" = "0.1"
L 03/25/2015 - 18:54:01: Server cvar "mp_hostagepenalty" = "5.000000"
L 03/25/2015 - 18:54:01: Server cvar "mp_kickpercent" = "0.66"
L 03/25/2015 - 18:54:01: Server cvar "mp_limitteams" = "0"
L 03/25/2015 - 18:54:01: Server cvar "mp_logdetail" = "0"
L 03/25/2015 - 18:54:01: Server cvar "mp_logfile" = "1"
L 03/25/2015 - 18:54:01: Server cvar "mp_logmessages" = "1"
L 03/25/2015 - 18:54:01: Server cvar "mp_mapvoteratio" = "0.66"
L 03/25/2015 - 18:54:01: Server cvar "mp_maxrounds" = "0.000000"
L 03/25/2015 - 18:54:01: Server cvar "mp_mirrordamage" = "0"
L 03/25/2015 - 18:54:01: Server cvar "mp_playerid" = "0"
L 03/25/2015 - 18:54:01: Server cvar "mp_roundtime" = "5.000000"
L 03/25/2015 - 18:54:01: Server cvar "mp_startmoney" = "1200.000000"
L 03/25/2015 - 18:54:01: Server cvar "mp_timeleft" = "0"
L 03/25/2015 - 18:54:01: Server cvar "mp_timelimit" = "20.000000"
L 03/25/2015 - 18:54:01: Server cvar "mp_tkpunish" = "1"
L 03/25/2015 - 18:54:01: Server cvar "mp_windifference" = "1"
L 03/25/2015 - 18:54:01: Server cvar "mp_winlimit" = "0.000000"
L 03/25/2015 - 18:54:01: Server cvar "pausable" = "0"
L 03/25/2015 - 18:54:01: Server cvar "sv_accelerate" = "5"
L 03/25/2015 - 18:54:01: Server cvar "sv_aim" = "0"
L 03/25/2015 - 18:54:01: Server cvar "sv_airaccelerate" = "10"
L 03/25/2015 - 18:54:01: Server cvar "sv_allowupload" = "1"
L 03/25/2015 - 18:54:01: Server cvar "sv_alltalk" = "0"
L 03/25/2015 - 18:54:01: Server cvar "sv_bounce" = "1"
L 03/25/2015 - 18:54:01: Server cvar "sv_cheats" = "0"
L 03/25/2015 - 18:54:01: Server cvar "sv_clienttrace" = "1"
L 03/25/2015 - 18:54:01: Server cvar "sv_contact" = ""
L 03/25/2015 - 18:54:01: Server cvar "sv_friction" = "4"
L 03/25/2015 - 18:54:01: Server cvar "sv_gravity" = "800"
L 03/25/2015 - 18:54:01: Server cvar "sv_logblocks" = "0"
L 03/25/2015 - 18:54:01: Server cvar "sv_maxrate" = "0"
L 03/25/2015 - 18:54:01: Server cvar "sv_maxspeed" = "320"
L 03/25/2015 - 18:54:01: Server cvar "sv_minrate" = "0"
L 03/25/2015 - 18:54:01: Server cvar "sv_password" = ""
L 03/25/2015 - 18:54:01: Server cvar "sv_proxies" = "1"
L 03/25/2015 - 18:54:01: Server cvar "sv_restart" = "0"
L 03/25/2015 - 18:54:01: Server cvar "sv_restartround" = "0"
L 03/25/2015 - 18:54:01: Server cvar "sv_stepsize" = "18"
L 03/25/2015 - 18:54:01: Server cvar "sv_stopspeed" = "75"
L 03/25/2015 - 18:54:01: Server cvar "sv_uploadmax" = "0.5"
L 03/25/2015 - 18:54:01: Server cvar "sv_voiceenable" = "1"
L 03/25/2015 - 18:54:01: Server cvar "sv_wateraccelerate" = "10"
L 03/25/2015 - 18:54:01: Server cvar "sv_waterfriction" = "1"
L 03/25/2015 - 18:54:01: Server cvars end
L 03/25/2015 - 18:54:02: Server cvar "sv_maxspeed" = "900"
L 03/25/2015 - 18:54:02: Started map "de_airstrip_cz" (CRC "-1761841814")
L 03/25/2015 - 18:54:02: Server cvar "sv_maxspeed" = "320"
L 03/25/2015 - 18:54:02: Log file closed
